  [1m[35m (463.8ms)[0m  [1m[35mCREATE DATABASE "planets_app_development" ENCODING = 'unicode'[0m
  ↳ /Users/jalcorn/.rvm/rubies/ruby-2.6.0/lib/ruby/gems/2.6.0/gems/rake-12.3.2/lib/rake/task.rb:273
  [1m[35m (397.6ms)[0m  [1m[35mCREATE DATABASE "planets_app_test" ENCODING = 'unicode'[0m
  ↳ /Users/jalcorn/.rvm/rubies/ruby-2.6.0/lib/ruby/gems/2.6.0/gems/rake-12.3.2/lib/rake/task.rb:273
  [1m[35m (47.4ms)[0m  [1m[35mCREATE TABLE "schema_migrations" ("version" character varying NOT NULL PRIMARY KEY)[0m
  ↳ /Users/jalcorn/.rvm/rubies/ruby-2.6.0/lib/ruby/gems/2.6.0/gems/rake-12.3.2/lib/rake/task.rb:273
  [1m[35m (44.5ms)[0m  [1m[35mCREATE TABLE "ar_internal_metadata" ("key" character varying NOT NULL PRIMARY KEY, "value" character varying, "created_at" timestamp NOT NULL, "updated_at" timestamp NOT NULL)[0m
  ↳ /Users/jalcorn/.rvm/rubies/ruby-2.6.0/lib/ruby/gems/2.6.0/gems/rake-12.3.2/lib/rake/task.rb:273
  [1m[35m (0.7ms)[0m  [1m[34mSELECT pg_try_advisory_lock(6114386484562609365)[0m
  ↳ /Users/jalcorn/.rvm/rubies/ruby-2.6.0/lib/ruby/gems/2.6.0/gems/rake-12.3.2/lib/rake/task.rb:273
  [1m[35m (0.5ms)[0m  [1m[34mSELECT "schema_migrations"."version" FROM "schema_migrations" ORDER BY "schema_migrations"."version" ASC[0m
  ↳ /Users/jalcorn/.rvm/rubies/ruby-2.6.0/lib/ruby/gems/2.6.0/gems/rake-12.3.2/lib/rake/task.rb:273
Migrating to CreatePlanets (20190429141303)
  [1m[35m (31.1ms)[0m  [1m[35mBEGIN[0m
  ↳ /Users/jalcorn/.rvm/rubies/ruby-2.6.0/lib/ruby/gems/2.6.0/gems/rake-12.3.2/lib/rake/task.rb:273
  [1m[35m (4.4ms)[0m  [1m[35mCREATE TABLE "planets" ("id" bigserial primary key, "name" character varying, "distance_from_sun" character varying, "diameter" character varying, "orbit_period" character varying, "created_at" timestamp NOT NULL, "updated_at" timestamp NOT NULL)[0m
  ↳ db/migrate/20190429141303_create_planets.rb:3
  [1m[36mActiveRecord::SchemaMigration Create (0.5ms)[0m  [1m[32mINSERT INTO "schema_migrations" ("version") VALUES ($1) RETURNING "version"[0m  [["version", "20190429141303"]]
  ↳ /Users/jalcorn/.rvm/rubies/ruby-2.6.0/lib/ruby/gems/2.6.0/gems/rake-12.3.2/lib/rake/task.rb:273
  [1m[35m (0.3ms)[0m  [1m[35mCOMMIT[0m
  ↳ /Users/jalcorn/.rvm/rubies/ruby-2.6.0/lib/ruby/gems/2.6.0/gems/rake-12.3.2/lib/rake/task.rb:273
  [1m[36mActiveRecord::InternalMetadata Load (0.3ms)[0m  [1m[34mSELECT  "ar_internal_metadata".* FROM "ar_internal_metadata" WHERE "ar_internal_metadata"."key" = $1 LIMIT $2[0m  [["key", "environment"], ["LIMIT", 1]]
  ↳ /Users/jalcorn/.rvm/rubies/ruby-2.6.0/lib/ruby/gems/2.6.0/gems/rake-12.3.2/lib/rake/task.rb:273
  [1m[35m (0.2ms)[0m  [1m[35mBEGIN[0m
  ↳ /Users/jalcorn/.rvm/rubies/ruby-2.6.0/lib/ruby/gems/2.6.0/gems/rake-12.3.2/lib/rake/task.rb:273
  [1m[36mActiveRecord::InternalMetadata Create (0.7ms)[0m  [1m[32mINSERT INTO "ar_internal_metadata" ("key", "value", "created_at", "updated_at") VALUES ($1, $2, $3, $4) RETURNING "key"[0m  [["key", "environment"], ["value", "development"], ["created_at", "2019-04-29 14:13:57.095672"], ["updated_at", "2019-04-29 14:13:57.095672"]]
  ↳ /Users/jalcorn/.rvm/rubies/ruby-2.6.0/lib/ruby/gems/2.6.0/gems/rake-12.3.2/lib/rake/task.rb:273
  [1m[35m (30.7ms)[0m  [1m[35mCOMMIT[0m
  ↳ /Users/jalcorn/.rvm/rubies/ruby-2.6.0/lib/ruby/gems/2.6.0/gems/rake-12.3.2/lib/rake/task.rb:273
  [1m[35m (0.5ms)[0m  [1m[34mSELECT pg_advisory_unlock(6114386484562609365)[0m
  ↳ /Users/jalcorn/.rvm/rubies/ruby-2.6.0/lib/ruby/gems/2.6.0/gems/rake-12.3.2/lib/rake/task.rb:273
  [1m[35m (0.2ms)[0m  [1m[34mSELECT "schema_migrations"."version" FROM "schema_migrations" ORDER BY "schema_migrations"."version" ASC[0m
  ↳ /Users/jalcorn/.rvm/rubies/ruby-2.6.0/lib/ruby/gems/2.6.0/gems/rake-12.3.2/lib/rake/task.rb:273
  [1m[35m (0.1ms)[0m  [1m[34mSELECT pg_try_advisory_lock(6114386484562609365)[0m
  ↳ /Users/jalcorn/.rvm/rubies/ruby-2.6.0/lib/ruby/gems/2.6.0/gems/rake-12.3.2/lib/rake/task.rb:273
  [1m[35m (0.5ms)[0m  [1m[34mSELECT "schema_migrations"."version" FROM "schema_migrations" ORDER BY "schema_migrations"."version" ASC[0m
  ↳ /Users/jalcorn/.rvm/rubies/ruby-2.6.0/lib/ruby/gems/2.6.0/gems/rake-12.3.2/lib/rake/task.rb:273
Migrating to CreateMoons (20190429141544)
  [1m[35m (0.1ms)[0m  [1m[35mBEGIN[0m
  ↳ /Users/jalcorn/.rvm/rubies/ruby-2.6.0/lib/ruby/gems/2.6.0/gems/rake-12.3.2/lib/rake/task.rb:273
  [1m[35m (44.7ms)[0m  [1m[35mCREATE TABLE "moons" ("id" bigserial primary key, "name" character varying, "distance_from_planet" character varying, "radius" character varying, "orbit_period" character varying, "planet" character varying, "created_at" timestamp NOT NULL, "updated_at" timestamp NOT NULL)[0m
  ↳ db/migrate/20190429141544_create_moons.rb:3
  [1m[36mActiveRecord::SchemaMigration Create (0.4ms)[0m  [1m[32mINSERT INTO "schema_migrations" ("version") VALUES ($1) RETURNING "version"[0m  [["version", "20190429141544"]]
  ↳ /Users/jalcorn/.rvm/rubies/ruby-2.6.0/lib/ruby/gems/2.6.0/gems/rake-12.3.2/lib/rake/task.rb:273
  [1m[35m (0.5ms)[0m  [1m[35mCOMMIT[0m
  ↳ /Users/jalcorn/.rvm/rubies/ruby-2.6.0/lib/ruby/gems/2.6.0/gems/rake-12.3.2/lib/rake/task.rb:273
  [1m[36mActiveRecord::InternalMetadata Load (0.6ms)[0m  [1m[34mSELECT  "ar_internal_metadata".* FROM "ar_internal_metadata" WHERE "ar_internal_metadata"."key" = $1 LIMIT $2[0m  [["key", "environment"], ["LIMIT", 1]]
  ↳ /Users/jalcorn/.rvm/rubies/ruby-2.6.0/lib/ruby/gems/2.6.0/gems/rake-12.3.2/lib/rake/task.rb:273
  [1m[35m (0.1ms)[0m  [1m[35mBEGIN[0m
  ↳ /Users/jalcorn/.rvm/rubies/ruby-2.6.0/lib/ruby/gems/2.6.0/gems/rake-12.3.2/lib/rake/task.rb:273
  [1m[35m (0.1ms)[0m  [1m[35mCOMMIT[0m
  ↳ /Users/jalcorn/.rvm/rubies/ruby-2.6.0/lib/ruby/gems/2.6.0/gems/rake-12.3.2/lib/rake/task.rb:273
  [1m[35m (0.2ms)[0m  [1m[34mSELECT pg_advisory_unlock(6114386484562609365)[0m
  ↳ /Users/jalcorn/.rvm/rubies/ruby-2.6.0/lib/ruby/gems/2.6.0/gems/rake-12.3.2/lib/rake/task.rb:273
  [1m[35m (0.2ms)[0m  [1m[34mSELECT "schema_migrations"."version" FROM "schema_migrations" ORDER BY "schema_migrations"."version" ASC[0m
  ↳ /Users/jalcorn/.rvm/rubies/ruby-2.6.0/lib/ruby/gems/2.6.0/gems/rake-12.3.2/lib/rake/task.rb:273
  [1m[35m (0.5ms)[0m  [1m[34mSELECT "schema_migrations"."version" FROM "schema_migrations" ORDER BY "schema_migrations"."version" ASC[0m
  ↳ /Users/jalcorn/.rvm/rubies/ruby-2.6.0/lib/ruby/gems/2.6.0/gems/rake-12.3.2/lib/rake/task.rb:273
  [1m[35m (0.3ms)[0m  [1m[35mBEGIN[0m
  ↳ db/seeds.rb:60
  [1m[36mPlanet Create (0.9ms)[0m  [1m[32mINSERT INTO "planets" ("name", "distance_from_sun", "diameter", "orbit_period", "created_at", "updated_at") VALUES ($1, $2, $3, $4, $5, $6) RETURNING "id"[0m  [["name", "Mercury"], ["distance_from_sun", "57,909,227 km (0.39 AU)"], ["diameter", "4,879 km"], ["orbit_period", "88 days"], ["created_at", "2019-04-29 14:17:35.671490"], ["updated_at", "2019-04-29 14:17:35.671490"]]
  ↳ db/seeds.rb:60
  [1m[35m (41.1ms)[0m  [1m[35mCOMMIT[0m
  ↳ db/seeds.rb:60
  [1m[35m (0.2ms)[0m  [1m[35mBEGIN[0m
  ↳ db/seeds.rb:60
  [1m[36mPlanet Create (0.4ms)[0m  [1m[32mINSERT INTO "planets" ("name", "distance_from_sun", "diameter", "orbit_period", "created_at", "updated_at") VALUES ($1, $2, $3, $4, $5, $6) RETURNING "id"[0m  [["name", "Venus"], ["distance_from_sun", "108,209,475 km (0.73 AU)"], ["diameter", "12,104 km"], ["orbit_period", "225 days"], ["created_at", "2019-04-29 14:17:35.716193"], ["updated_at", "2019-04-29 14:17:35.716193"]]
  ↳ db/seeds.rb:60
  [1m[35m (0.4ms)[0m  [1m[35mCOMMIT[0m
  ↳ db/seeds.rb:60
  [1m[35m (0.1ms)[0m  [1m[35mBEGIN[0m
  ↳ db/seeds.rb:60
  [1m[36mPlanet Create (0.2ms)[0m  [1m[32mINSERT INTO "planets" ("name", "distance_from_sun", "diameter", "orbit_period", "created_at", "updated_at") VALUES ($1, $2, $3, $4, $5, $6) RETURNING "id"[0m  [["name", "Earth"], ["distance_from_sun", "149,598,262 km (1 AU)"], ["diameter", "12,742 km"], ["orbit_period", "365.24 days"], ["created_at", "2019-04-29 14:17:35.718651"], ["updated_at", "2019-04-29 14:17:35.718651"]]
  ↳ db/seeds.rb:60
  [1m[35m (0.3ms)[0m  [1m[35mCOMMIT[0m
  ↳ db/seeds.rb:60
  [1m[35m (0.1ms)[0m  [1m[35mBEGIN[0m
  ↳ db/seeds.rb:60
  [1m[36mPlanet Create (0.3ms)[0m  [1m[32mINSERT INTO "planets" ("name", "distance_from_sun", "diameter", "orbit_period", "created_at", "updated_at") VALUES ($1, $2, $3, $4, $5, $6) RETURNING "id"[0m  [["name", "Mars"], ["distance_from_sun", "227,943,824 km (1.38 AU)"], ["diameter", "6,779 km"], ["orbit_period", "1.9 years"], ["created_at", "2019-04-29 14:17:35.720348"], ["updated_at", "2019-04-29 14:17:35.720348"]]
  ↳ db/seeds.rb:60
  [1m[35m (0.3ms)[0m  [1m[35mCOMMIT[0m
  ↳ db/seeds.rb:60
  [1m[35m (0.1ms)[0m  [1m[35mBEGIN[0m
  ↳ db/seeds.rb:60
  [1m[36mPlanet Create (0.2ms)[0m  [1m[32mINSERT INTO "planets" ("name", "distance_from_sun", "diameter", "orbit_period", "created_at", "updated_at") VALUES ($1, $2, $3, $4, $5, $6) RETURNING "id"[0m  [["name", "Jupiter"], ["distance_from_sun", "778,340,821 km (5.20 AU)"], ["diameter", "139,822 km"], ["orbit_period", "11.9 years"], ["created_at", "2019-04-29 14:17:35.722078"], ["updated_at", "2019-04-29 14:17:35.722078"]]
  ↳ db/seeds.rb:60
  [1m[35m (0.3ms)[0m  [1m[35mCOMMIT[0m
  ↳ db/seeds.rb:60
  [1m[35m (0.1ms)[0m  [1m[35mBEGIN[0m
  ↳ db/seeds.rb:60
  [1m[36mPlanet Create (0.2ms)[0m  [1m[32mINSERT INTO "planets" ("name", "distance_from_sun", "diameter", "orbit_period", "created_at", "updated_at") VALUES ($1, $2, $3, $4, $5, $6) RETURNING "id"[0m  [["name", "Saturn"], ["distance_from_sun", "1,426,666,422 km (9.58 AU)"], ["diameter", "116,464 km"], ["orbit_period", "29.5 years"], ["created_at", "2019-04-29 14:17:35.723652"], ["updated_at", "2019-04-29 14:17:35.723652"]]
  ↳ db/seeds.rb:60
  [1m[35m (0.3ms)[0m  [1m[35mCOMMIT[0m
  ↳ db/seeds.rb:60
  [1m[35m (0.1ms)[0m  [1m[35mBEGIN[0m
  ↳ db/seeds.rb:60
  [1m[36mPlanet Create (0.2ms)[0m  [1m[32mINSERT INTO "planets" ("name", "distance_from_sun", "diameter", "orbit_period", "created_at", "updated_at") VALUES ($1, $2, $3, $4, $5, $6) RETURNING "id"[0m  [["name", "Uranus"], ["distance_from_sun", "2,870,658,186 km (19.22 AU)"], ["diameter", "50,724 km"], ["orbit_period", "84.0 years"], ["created_at", "2019-04-29 14:17:35.725242"], ["updated_at", "2019-04-29 14:17:35.725242"]]
  ↳ db/seeds.rb:60
  [1m[35m (0.3ms)[0m  [1m[35mCOMMIT[0m
  ↳ db/seeds.rb:60
  [1m[35m (0.1ms)[0m  [1m[35mBEGIN[0m
  ↳ db/seeds.rb:60
  [1m[36mPlanet Create (0.3ms)[0m  [1m[32mINSERT INTO "planets" ("name", "distance_from_sun", "diameter", "orbit_period", "created_at", "updated_at") VALUES ($1, $2, $3, $4, $5, $6) RETURNING "id"[0m  [["name", "Neptune"], ["distance_from_sun", "4,498,396,441 km (30.10 AU)"], ["diameter", "49,244 km"], ["orbit_period", "164.8 years"], ["created_at", "2019-04-29 14:17:35.726826"], ["updated_at", "2019-04-29 14:17:35.726826"]]
  ↳ db/seeds.rb:60
  [1m[35m (0.4ms)[0m  [1m[35mCOMMIT[0m
  ↳ db/seeds.rb:60
  [1m[36mPlanet Load (0.3ms)[0m  [1m[34mSELECT  "planets".* FROM "planets" WHERE "planets"."name" = $1 ORDER BY "planets"."id" ASC LIMIT $2[0m  [["name", "Earth"], ["LIMIT", 1]]
  ↳ db/seeds.rb:121
  [1m[35m (0.1ms)[0m  [1m[34mSELECT pg_try_advisory_lock(6114386484562609365)[0m
  ↳ /Users/jalcorn/.rvm/rubies/ruby-2.6.0/lib/ruby/gems/2.6.0/gems/rake-12.3.2/lib/rake/task.rb:273
  [1m[35m (0.5ms)[0m  [1m[34mSELECT "schema_migrations"."version" FROM "schema_migrations" ORDER BY "schema_migrations"."version" ASC[0m
  ↳ /Users/jalcorn/.rvm/rubies/ruby-2.6.0/lib/ruby/gems/2.6.0/gems/rake-12.3.2/lib/rake/task.rb:273
  [1m[36mActiveRecord::InternalMetadata Load (0.3ms)[0m  [1m[34mSELECT  "ar_internal_metadata".* FROM "ar_internal_metadata" WHERE "ar_internal_metadata"."key" = $1 LIMIT $2[0m  [["key", "environment"], ["LIMIT", 1]]
  ↳ /Users/jalcorn/.rvm/rubies/ruby-2.6.0/lib/ruby/gems/2.6.0/gems/rake-12.3.2/lib/rake/task.rb:273
  [1m[35m (0.1ms)[0m  [1m[35mBEGIN[0m
  ↳ /Users/jalcorn/.rvm/rubies/ruby-2.6.0/lib/ruby/gems/2.6.0/gems/rake-12.3.2/lib/rake/task.rb:273
  [1m[35m (0.1ms)[0m  [1m[35mCOMMIT[0m
  ↳ /Users/jalcorn/.rvm/rubies/ruby-2.6.0/lib/ruby/gems/2.6.0/gems/rake-12.3.2/lib/rake/task.rb:273
  [1m[35m (0.3ms)[0m  [1m[34mSELECT pg_advisory_unlock(6114386484562609365)[0m
  ↳ /Users/jalcorn/.rvm/rubies/ruby-2.6.0/lib/ruby/gems/2.6.0/gems/rake-12.3.2/lib/rake/task.rb:273
  [1m[35m (0.2ms)[0m  [1m[34mSELECT "schema_migrations"."version" FROM "schema_migrations" ORDER BY "schema_migrations"."version" ASC[0m
  ↳ /Users/jalcorn/.rvm/rubies/ruby-2.6.0/lib/ruby/gems/2.6.0/gems/rake-12.3.2/lib/rake/task.rb:273
  [1m[35m (0.5ms)[0m  [1m[34mSELECT "schema_migrations"."version" FROM "schema_migrations" ORDER BY "schema_migrations"."version" ASC[0m
  ↳ /Users/jalcorn/.rvm/rubies/ruby-2.6.0/lib/ruby/gems/2.6.0/gems/rake-12.3.2/lib/rake/task.rb:273
  [1m[35m (0.3ms)[0m  [1m[35mBEGIN[0m
  ↳ db/seeds.rb:60
  [1m[36mPlanet Create (0.6ms)[0m  [1m[32mINSERT INTO "planets" ("name", "distance_from_sun", "diameter", "orbit_period", "created_at", "updated_at") VALUES ($1, $2, $3, $4, $5, $6) RETURNING "id"[0m  [["name", "Mercury"], ["distance_from_sun", "57,909,227 km (0.39 AU)"], ["diameter", "4,879 km"], ["orbit_period", "88 days"], ["created_at", "2019-04-29 14:18:05.728109"], ["updated_at", "2019-04-29 14:18:05.728109"]]
  ↳ db/seeds.rb:60
  [1m[35m (40.7ms)[0m  [1m[35mCOMMIT[0m
  ↳ db/seeds.rb:60
  [1m[35m (0.2ms)[0m  [1m[35mBEGIN[0m
  ↳ db/seeds.rb:60
  [1m[36mPlanet Create (0.5ms)[0m  [1m[32mINSERT INTO "planets" ("name", "distance_from_sun", "diameter", "orbit_period", "created_at", "updated_at") VALUES ($1, $2, $3, $4, $5, $6) RETURNING "id"[0m  [["name", "Venus"], ["distance_from_sun", "108,209,475 km (0.73 AU)"], ["diameter", "12,104 km"], ["orbit_period", "225 days"], ["created_at", "2019-04-29 14:18:05.771981"], ["updated_at", "2019-04-29 14:18:05.771981"]]
  ↳ db/seeds.rb:60
  [1m[35m (1.3ms)[0m  [1m[35mCOMMIT[0m
  ↳ db/seeds.rb:60
  [1m[35m (0.1ms)[0m  [1m[35mBEGIN[0m
  ↳ db/seeds.rb:60
  [1m[36mPlanet Create (0.3ms)[0m  [1m[32mINSERT INTO "planets" ("name", "distance_from_sun", "diameter", "orbit_period", "created_at", "updated_at") VALUES ($1, $2, $3, $4, $5, $6) RETURNING "id"[0m  [["name", "Earth"], ["distance_from_sun", "149,598,262 km (1 AU)"], ["diameter", "12,742 km"], ["orbit_period", "365.24 days"], ["created_at", "2019-04-29 14:18:05.775851"], ["updated_at", "2019-04-29 14:18:05.775851"]]
  ↳ db/seeds.rb:60
  [1m[35m (0.3ms)[0m  [1m[35mCOMMIT[0m
  ↳ db/seeds.rb:60
  [1m[35m (0.1ms)[0m  [1m[35mBEGIN[0m
  ↳ db/seeds.rb:60
  [1m[36mPlanet Create (0.2ms)[0m  [1m[32mINSERT INTO "planets" ("name", "distance_from_sun", "diameter", "orbit_period", "created_at", "updated_at") VALUES ($1, $2, $3, $4, $5, $6) RETURNING "id"[0m  [["name", "Mars"], ["distance_from_sun", "227,943,824 km (1.38 AU)"], ["diameter", "6,779 km"], ["orbit_period", "1.9 years"], ["created_at", "2019-04-29 14:18:05.777580"], ["updated_at", "2019-04-29 14:18:05.777580"]]
  ↳ db/seeds.rb:60
  [1m[35m (0.3ms)[0m  [1m[35mCOMMIT[0m
  ↳ db/seeds.rb:60
  [1m[35m (0.1ms)[0m  [1m[35mBEGIN[0m
  ↳ db/seeds.rb:60
  [1m[36mPlanet Create (0.2ms)[0m  [1m[32mINSERT INTO "planets" ("name", "distance_from_sun", "diameter", "orbit_period", "created_at", "updated_at") VALUES ($1, $2, $3, $4, $5, $6) RETURNING "id"[0m  [["name", "Jupiter"], ["distance_from_sun", "778,340,821 km (5.20 AU)"], ["diameter", "139,822 km"], ["orbit_period", "11.9 years"], ["created_at", "2019-04-29 14:18:05.779158"], ["updated_at", "2019-04-29 14:18:05.779158"]]
  ↳ db/seeds.rb:60
  [1m[35m (0.3ms)[0m  [1m[35mCOMMIT[0m
  ↳ db/seeds.rb:60
  [1m[35m (0.1ms)[0m  [1m[35mBEGIN[0m
  ↳ db/seeds.rb:60
  [1m[36mPlanet Create (0.4ms)[0m  [1m[32mINSERT INTO "planets" ("name", "distance_from_sun", "diameter", "orbit_period", "created_at", "updated_at") VALUES ($1, $2, $3, $4, $5, $6) RETURNING "id"[0m  [["name", "Saturn"], ["distance_from_sun", "1,426,666,422 km (9.58 AU)"], ["diameter", "116,464 km"], ["orbit_period", "29.5 years"], ["created_at", "2019-04-29 14:18:05.780721"], ["updated_at", "2019-04-29 14:18:05.780721"]]
  ↳ db/seeds.rb:60
  [1m[35m (0.3ms)[0m  [1m[35mCOMMIT[0m
  ↳ db/seeds.rb:60
  [1m[35m (0.1ms)[0m  [1m[35mBEGIN[0m
  ↳ db/seeds.rb:60
  [1m[36mPlanet Create (0.2ms)[0m  [1m[32mINSERT INTO "planets" ("name", "distance_from_sun", "diameter", "orbit_period", "created_at", "updated_at") VALUES ($1, $2, $3, $4, $5, $6) RETURNING "id"[0m  [["name", "Uranus"], ["distance_from_sun", "2,870,658,186 km (19.22 AU)"], ["diameter", "50,724 km"], ["orbit_period", "84.0 years"], ["created_at", "2019-04-29 14:18:05.782562"], ["updated_at", "2019-04-29 14:18:05.782562"]]
  ↳ db/seeds.rb:60
  [1m[35m (0.3ms)[0m  [1m[35mCOMMIT[0m
  ↳ db/seeds.rb:60
  [1m[35m (0.1ms)[0m  [1m[35mBEGIN[0m
  ↳ db/seeds.rb:60
  [1m[36mPlanet Create (0.2ms)[0m  [1m[32mINSERT INTO "planets" ("name", "distance_from_sun", "diameter", "orbit_period", "created_at", "updated_at") VALUES ($1, $2, $3, $4, $5, $6) RETURNING "id"[0m  [["name", "Neptune"], ["distance_from_sun", "4,498,396,441 km (30.10 AU)"], ["diameter", "49,244 km"], ["orbit_period", "164.8 years"], ["created_at", "2019-04-29 14:18:05.784145"], ["updated_at", "2019-04-29 14:18:05.784145"]]
  ↳ db/seeds.rb:60
  [1m[35m (0.3ms)[0m  [1m[35mCOMMIT[0m
  ↳ db/seeds.rb:60
  [1m[36mPlanet Load (0.3ms)[0m  [1m[34mSELECT  "planets".* FROM "planets" WHERE "planets"."name" = $1 ORDER BY "planets"."id" ASC LIMIT $2[0m  [["name", "Earth"], ["LIMIT", 1]]
  ↳ db/seeds.rb:121
  [1m[35m (0.5ms)[0m  [1m[34mSELECT "schema_migrations"."version" FROM "schema_migrations" ORDER BY "schema_migrations"."version" ASC[0m
  ↳ /Users/jalcorn/.rvm/rubies/ruby-2.6.0/lib/ruby/gems/2.6.0/gems/rake-12.3.2/lib/rake/task.rb:273
  [1m[35m (0.3ms)[0m  [1m[35mBEGIN[0m
  ↳ db/seeds.rb:60
  [1m[36mPlanet Create (0.5ms)[0m  [1m[32mINSERT INTO "planets" ("name", "distance_from_sun", "diameter", "orbit_period", "created_at", "updated_at") VALUES ($1, $2, $3, $4, $5, $6) RETURNING "id"[0m  [["name", "Mercury"], ["distance_from_sun", "57,909,227 km (0.39 AU)"], ["diameter", "4,879 km"], ["orbit_period", "88 days"], ["created_at", "2019-04-29 14:19:29.571030"], ["updated_at", "2019-04-29 14:19:29.571030"]]
  ↳ db/seeds.rb:60
  [1m[35m (40.6ms)[0m  [1m[35mCOMMIT[0m
  ↳ db/seeds.rb:60
  [1m[35m (0.2ms)[0m  [1m[35mBEGIN[0m
  ↳ db/seeds.rb:60
  [1m[36mPlanet Create (0.3ms)[0m  [1m[32mINSERT INTO "planets" ("name", "distance_from_sun", "diameter", "orbit_period", "created_at", "updated_at") VALUES ($1, $2, $3, $4, $5, $6) RETURNING "id"[0m  [["name", "Venus"], ["distance_from_sun", "108,209,475 km (0.73 AU)"], ["diameter", "12,104 km"], ["orbit_period", "225 days"], ["created_at", "2019-04-29 14:19:29.614632"], ["updated_at", "2019-04-29 14:19:29.614632"]]
  ↳ db/seeds.rb:60
  [1m[35m (1.2ms)[0m  [1m[35mCOMMIT[0m
  ↳ db/seeds.rb:60
  [1m[35m (0.1ms)[0m  [1m[35mBEGIN[0m
  ↳ db/seeds.rb:60
  [1m[36mPlanet Create (0.2ms)[0m  [1m[32mINSERT INTO "planets" ("name", "distance_from_sun", "diameter", "orbit_period", "created_at", "updated_at") VALUES ($1, $2, $3, $4, $5, $6) RETURNING "id"[0m  [["name", "Earth"], ["distance_from_sun", "149,598,262 km (1 AU)"], ["diameter", "12,742 km"], ["orbit_period", "365.24 days"], ["created_at", "2019-04-29 14:19:29.617679"], ["updated_at", "2019-04-29 14:19:29.617679"]]
  ↳ db/seeds.rb:60
  [1m[35m (0.3ms)[0m  [1m[35mCOMMIT[0m
  ↳ db/seeds.rb:60
  [1m[35m (0.1ms)[0m  [1m[35mBEGIN[0m
  ↳ db/seeds.rb:60
  [1m[36mPlanet Create (0.2ms)[0m  [1m[32mINSERT INTO "planets" ("name", "distance_from_sun", "diameter", "orbit_period", "created_at", "updated_at") VALUES ($1, $2, $3, $4, $5, $6) RETURNING "id"[0m  [["name", "Mars"], ["distance_from_sun", "227,943,824 km (1.38 AU)"], ["diameter", "6,779 km"], ["orbit_period", "1.9 years"], ["created_at", "2019-04-29 14:19:29.619577"], ["updated_at", "2019-04-29 14:19:29.619577"]]
  ↳ db/seeds.rb:60
  [1m[35m (0.3ms)[0m  [1m[35mCOMMIT[0m
  ↳ db/seeds.rb:60
  [1m[35m (0.1ms)[0m  [1m[35mBEGIN[0m
  ↳ db/seeds.rb:60
  [1m[36mPlanet Create (0.2ms)[0m  [1m[32mINSERT INTO "planets" ("name", "distance_from_sun", "diameter", "orbit_period", "created_at", "updated_at") VALUES ($1, $2, $3, $4, $5, $6) RETURNING "id"[0m  [["name", "Jupiter"], ["distance_from_sun", "778,340,821 km (5.20 AU)"], ["diameter", "139,822 km"], ["orbit_period", "11.9 years"], ["created_at", "2019-04-29 14:19:29.621152"], ["updated_at", "2019-04-29 14:19:29.621152"]]
  ↳ db/seeds.rb:60
  [1m[35m (0.3ms)[0m  [1m[35mCOMMIT[0m
  ↳ db/seeds.rb:60
  [1m[35m (0.1ms)[0m  [1m[35mBEGIN[0m
  ↳ db/seeds.rb:60
  [1m[36mPlanet Create (0.2ms)[0m  [1m[32mINSERT INTO "planets" ("name", "distance_from_sun", "diameter", "orbit_period", "created_at", "updated_at") VALUES ($1, $2, $3, $4, $5, $6) RETURNING "id"[0m  [["name", "Saturn"], ["distance_from_sun", "1,426,666,422 km (9.58 AU)"], ["diameter", "116,464 km"], ["orbit_period", "29.5 years"], ["created_at", "2019-04-29 14:19:29.622794"], ["updated_at", "2019-04-29 14:19:29.622794"]]
  ↳ db/seeds.rb:60
  [1m[35m (0.3ms)[0m  [1m[35mCOMMIT[0m
  ↳ db/seeds.rb:60
  [1m[35m (0.1ms)[0m  [1m[35mBEGIN[0m
  ↳ db/seeds.rb:60
  [1m[36mPlanet Create (0.2ms)[0m  [1m[32mINSERT INTO "planets" ("name", "distance_from_sun", "diameter", "orbit_period", "created_at", "updated_at") VALUES ($1, $2, $3, $4, $5, $6) RETURNING "id"[0m  [["name", "Uranus"], ["distance_from_sun", "2,870,658,186 km (19.22 AU)"], ["diameter", "50,724 km"], ["orbit_period", "84.0 years"], ["created_at", "2019-04-29 14:19:29.624346"], ["updated_at", "2019-04-29 14:19:29.624346"]]
  ↳ db/seeds.rb:60
  [1m[35m (0.3ms)[0m  [1m[35mCOMMIT[0m
  ↳ db/seeds.rb:60
  [1m[35m (0.1ms)[0m  [1m[35mBEGIN[0m
  ↳ db/seeds.rb:60
  [1m[36mPlanet Create (0.2ms)[0m  [1m[32mINSERT INTO "planets" ("name", "distance_from_sun", "diameter", "orbit_period", "created_at", "updated_at") VALUES ($1, $2, $3, $4, $5, $6) RETURNING "id"[0m  [["name", "Neptune"], ["distance_from_sun", "4,498,396,441 km (30.10 AU)"], ["diameter", "49,244 km"], ["orbit_period", "164.8 years"], ["created_at", "2019-04-29 14:19:29.625842"], ["updated_at", "2019-04-29 14:19:29.625842"]]
  ↳ db/seeds.rb:60
  [1m[35m (0.3ms)[0m  [1m[35mCOMMIT[0m
  ↳ db/seeds.rb:60
  [1m[36mPlanet Load (0.3ms)[0m  [1m[34mSELECT  "planets".* FROM "planets" WHERE "planets"."name" = $1 ORDER BY "planets"."id" ASC LIMIT $2[0m  [["name", "Earth"], ["LIMIT", 1]]
  ↳ db/seeds.rb:121
  [1m[35m (0.1ms)[0m  [1m[35mBEGIN[0m
  ↳ db/seeds.rb:122
  [1m[36mMoon Create (0.6ms)[0m  [1m[32mINSERT INTO "moons" ("name", "distance_from_planet", "radius", "orbit_period", "planet", "created_at", "updated_at") VALUES ($1, $2, $3, $4, $5, $6, $7) RETURNING "id"[0m  [["name", "Luna"], ["distance_from_planet", "384,400 km"], ["radius", "1,737.4 km"], ["orbit_period", "27.3 days"], ["planet", "Earth"], ["created_at", "2019-04-29 14:19:29.639235"], ["updated_at", "2019-04-29 14:19:29.639235"]]
  ↳ db/seeds.rb:122
  [1m[35m (0.3ms)[0m  [1m[35mCOMMIT[0m
  ↳ db/seeds.rb:122
  [1m[36mPlanet Load (0.2ms)[0m  [1m[34mSELECT  "planets".* FROM "planets" WHERE "planets"."name" = $1 ORDER BY "planets"."id" ASC LIMIT $2[0m  [["name", "Neptune"], ["LIMIT", 1]]
  ↳ db/seeds.rb:121
  [1m[35m (0.1ms)[0m  [1m[35mBEGIN[0m
  ↳ db/seeds.rb:122
  [1m[36mMoon Create (0.2ms)[0m  [1m[32mINSERT INTO "moons" ("name", "distance_from_planet", "radius", "orbit_period", "planet", "created_at", "updated_at") VALUES ($1, $2, $3, $4, $5, $6, $7) RETURNING "id"[0m  [["name", "Triton"], ["distance_from_planet", "354,800 km"], ["radius", "1,350 km"], ["orbit_period", "-5.9 days"], ["planet", "Neptune"], ["created_at", "2019-04-29 14:19:29.642113"], ["updated_at", "2019-04-29 14:19:29.642113"]]
  ↳ db/seeds.rb:122
  [1m[35m (0.4ms)[0m  [1m[35mCOMMIT[0m
  ↳ db/seeds.rb:122
  [1m[36mPlanet Load (0.2ms)[0m  [1m[34mSELECT  "planets".* FROM "planets" WHERE "planets"."name" = $1 ORDER BY "planets"."id" ASC LIMIT $2[0m  [["name", "Mars"], ["LIMIT", 1]]
  ↳ db/seeds.rb:121
  [1m[35m (0.1ms)[0m  [1m[35mBEGIN[0m
  ↳ db/seeds.rb:122
  [1m[36mMoon Create (0.2ms)[0m  [1m[32mINSERT INTO "moons" ("name", "distance_from_planet", "radius", "orbit_period", "planet", "created_at", "updated_at") VALUES ($1, $2, $3, $4, $5, $6, $7) RETURNING "id"[0m  [["name", "Deimos"], ["distance_from_planet", "23,460 km"], ["radius", "7.5 x 6.1 x 5.5 km"], ["orbit_period", "1.3 days"], ["planet", "Mars"], ["created_at", "2019-04-29 14:19:29.656386"], ["updated_at", "2019-04-29 14:19:29.656386"]]
  ↳ db/seeds.rb:122
  [1m[35m (0.3ms)[0m  [1m[35mCOMMIT[0m
  ↳ db/seeds.rb:122
  [1m[36mPlanet Load (0.2ms)[0m  [1m[34mSELECT  "planets".* FROM "planets" WHERE "planets"."name" = $1 ORDER BY "planets"."id" ASC LIMIT $2[0m  [["name", "Mars"], ["LIMIT", 1]]
  ↳ db/seeds.rb:121
  [1m[35m (0.1ms)[0m  [1m[35mBEGIN[0m
  ↳ db/seeds.rb:122
  [1m[36mMoon Create (0.2ms)[0m  [1m[32mINSERT INTO "moons" ("name", "distance_from_planet", "radius", "orbit_period", "planet", "created_at", "updated_at") VALUES ($1, $2, $3, $4, $5, $6, $7) RETURNING "id"[0m  [["name", "Phobos"], ["distance_from_planet", "9,380 km"], ["radius", "13.5 x 10.8 x 9.4 km"], ["orbit_period", "0.3 days"], ["planet", "Mars"], ["created_at", "2019-04-29 14:19:29.658497"], ["updated_at", "2019-04-29 14:19:29.658497"]]
  ↳ db/seeds.rb:122
  [1m[35m (0.4ms)[0m  [1m[35mCOMMIT[0m
  ↳ db/seeds.rb:122
  [1m[36mPlanet Load (0.3ms)[0m  [1m[34mSELECT  "planets".* FROM "planets" WHERE "planets"."name" = $1 ORDER BY "planets"."id" ASC LIMIT $2[0m  [["name", "Jupiter"], ["LIMIT", 1]]
  ↳ db/seeds.rb:121
  [1m[35m (0.1ms)[0m  [1m[35mBEGIN[0m
  ↳ db/seeds.rb:122
  [1m[36mMoon Create (0.2ms)[0m  [1m[32mINSERT INTO "moons" ("name", "distance_from_planet", "radius", "orbit_period", "planet", "created_at", "updated_at") VALUES ($1, $2, $3, $4, $5, $6, $7) RETURNING "id"[0m  [["name", "Ganymede"], ["distance_from_planet", "1,070,000 km"], ["radius", "2,631 km"], ["orbit_period", "7.2 days"], ["planet", "Jupiter"], ["created_at", "2019-04-29 14:19:29.661345"], ["updated_at", "2019-04-29 14:19:29.661345"]]
  ↳ db/seeds.rb:122
  [1m[35m (0.3ms)[0m  [1m[35mCOMMIT[0m
  ↳ db/seeds.rb:122
  [1m[36mPlanet Load (0.2ms)[0m  [1m[34mSELECT  "planets".* FROM "planets" WHERE "planets"."name" = $1 ORDER BY "planets"."id" ASC LIMIT $2[0m  [["name", "Saturn"], ["LIMIT", 1]]
  ↳ db/seeds.rb:121
  [1m[35m (0.1ms)[0m  [1m[35mBEGIN[0m
  ↳ db/seeds.rb:122
  [1m[36mMoon Create (0.2ms)[0m  [1m[32mINSERT INTO "moons" ("name", "distance_from_planet", "radius", "orbit_period", "planet", "created_at", "updated_at") VALUES ($1, $2, $3, $4, $5, $6, $7) RETURNING "id"[0m  [["name", "Titan"], ["distance_from_planet", "1,221,850 km"], ["radius", "2,575 km"], ["orbit_period", "15.9 days"], ["planet", "Saturn"], ["created_at", "2019-04-29 14:19:29.664007"], ["updated_at", "2019-04-29 14:19:29.664007"]]
  ↳ db/seeds.rb:122
  [1m[35m (0.4ms)[0m  [1m[35mCOMMIT[0m
  ↳ db/seeds.rb:122
  [1m[36mPlanet Load (0.3ms)[0m  [1m[34mSELECT  "planets".* FROM "planets" WHERE "planets"."name" = $1 ORDER BY "planets"."id" ASC LIMIT $2[0m  [["name", "Uranus"], ["LIMIT", 1]]
  ↳ db/seeds.rb:121
  [1m[35m (0.1ms)[0m  [1m[35mBEGIN[0m
  ↳ db/seeds.rb:122
  [1m[36mMoon Create (0.2ms)[0m  [1m[32mINSERT INTO "moons" ("name", "distance_from_planet", "radius", "orbit_period", "planet", "created_at", "updated_at") VALUES ($1, $2, $3, $4, $5, $6, $7) RETURNING "id"[0m  [["name", "Titania"], ["distance_from_planet", "435,840 km"], ["radius", "788.9 km"], ["orbit_period", "8.7 days"], ["planet", "Uranus"], ["created_at", "2019-04-29 14:19:29.666790"], ["updated_at", "2019-04-29 14:19:29.666790"]]
  ↳ db/seeds.rb:122
  [1m[35m (0.3ms)[0m  [1m[35mCOMMIT[0m
  ↳ db/seeds.rb:122
Started GET "/articles/2" for ::1 at 2019-04-29 10:26:39 -0400
  [1m[35m (0.6ms)[0m  [1m[34mSELECT "schema_migrations"."version" FROM "schema_migrations" ORDER BY "schema_migrations"."version" ASC[0m
  ↳ /Users/jalcorn/.rvm/gems/ruby-2.6.0/gems/activerecord-5.2.3/lib/active_record/log_subscriber.rb:98
  
ActionController::RoutingError (No route matches [GET] "/articles/2"):
  
actionpack (5.2.3) lib/action_dispatch/middleware/debug_exceptions.rb:65:in `call'
web-console (3.7.0) lib/web_console/middleware.rb:135:in `call_app'
web-console (3.7.0) lib/web_console/middleware.rb:30:in `block in call'
web-console (3.7.0) lib/web_console/middleware.rb:20:in `catch'
web-console (3.7.0) lib/web_console/middleware.rb:20:in `call'
actionpack (5.2.3) lib/action_dispatch/middleware/show_exceptions.rb:33:in `call'
railties (5.2.3) lib/rails/rack/logger.rb:38:in `call_app'
railties (5.2.3) lib/rails/rack/logger.rb:26:in `block in call'
activesupport (5.2.3) lib/active_support/tagged_logging.rb:71:in `block in tagged'
activesupport (5.2.3) lib/active_support/tagged_logging.rb:28:in `tagged'
activesupport (5.2.3) lib/active_support/tagged_logging.rb:71:in `tagged'
railties (5.2.3) lib/rails/rack/logger.rb:26:in `call'
sprockets-rails (3.2.1) lib/sprockets/rails/quiet_assets.rb:13:in `call'
actionpack (5.2.3) lib/action_dispatch/middleware/remote_ip.rb:81:in `call'
actionpack (5.2.3) lib/action_dispatch/middleware/request_id.rb:27:in `call'
rack (2.0.7) lib/rack/method_override.rb:22:in `call'
rack (2.0.7) lib/rack/runtime.rb:22:in `call'
activesupport (5.2.3) lib/active_support/cache/strategy/local_cache_middleware.rb:29:in `call'
actionpack (5.2.3) lib/action_dispatch/middleware/executor.rb:14:in `call'
actionpack (5.2.3) lib/action_dispatch/middleware/static.rb:127:in `call'
rack (2.0.7) lib/rack/sendfile.rb:111:in `call'
railties (5.2.3) lib/rails/engine.rb:524:in `call'
puma (3.12.1) lib/puma/configuration.rb:227:in `call'
puma (3.12.1) lib/puma/server.rb:660:in `handle_request'
puma (3.12.1) lib/puma/server.rb:474:in `process_client'
puma (3.12.1) lib/puma/server.rb:334:in `block in run'
puma (3.12.1) lib/puma/thread_pool.rb:135:in `block in spawn_thread'
Started GET "/" for ::1 at 2019-04-29 10:26:50 -0400
Processing by Rails::WelcomeController#index as HTML
  Rendering /Users/jalcorn/.rvm/gems/ruby-2.6.0/gems/railties-5.2.3/lib/rails/templates/rails/welcome/index.html.erb
  Rendered /Users/jalcorn/.rvm/gems/ruby-2.6.0/gems/railties-5.2.3/lib/rails/templates/rails/welcome/index.html.erb (1.9ms)
Completed 200 OK in 6ms (Views: 4.0ms | ActiveRecord: 0.0ms)


Started GET "/" for ::1 at 2019-04-29 10:26:55 -0400
Processing by Rails::WelcomeController#index as HTML
  Rendering /Users/jalcorn/.rvm/gems/ruby-2.6.0/gems/railties-5.2.3/lib/rails/templates/rails/welcome/index.html.erb
  Rendered /Users/jalcorn/.rvm/gems/ruby-2.6.0/gems/railties-5.2.3/lib/rails/templates/rails/welcome/index.html.erb (2.1ms)
Completed 200 OK in 6ms (Views: 4.0ms | ActiveRecord: 0.0ms)


Started GET "/planets" for ::1 at 2019-04-29 10:27:00 -0400
  
ActionController::RoutingError (uninitialized constant PlanetsController):
  
bootsnap (1.4.4) lib/bootsnap/load_path_cache/core_ext/active_support.rb:79:in `block in load_missing_constant'
bootsnap (1.4.4) lib/bootsnap/load_path_cache/core_ext/active_support.rb:8:in `without_bootsnap_cache'
bootsnap (1.4.4) lib/bootsnap/load_path_cache/core_ext/active_support.rb:79:in `rescue in load_missing_constant'
bootsnap (1.4.4) lib/bootsnap/load_path_cache/core_ext/active_support.rb:58:in `load_missing_constant'
activesupport (5.2.3) lib/active_support/inflector/methods.rb:283:in `const_get'
activesupport (5.2.3) lib/active_support/inflector/methods.rb:283:in `block in constantize'
activesupport (5.2.3) lib/active_support/inflector/methods.rb:281:in `each'
activesupport (5.2.3) lib/active_support/inflector/methods.rb:281:in `inject'
activesupport (5.2.3) lib/active_support/inflector/methods.rb:281:in `constantize'
actionpack (5.2.3) lib/action_dispatch/http/request.rb:88:in `controller_class_for'
actionpack (5.2.3) lib/action_dispatch/http/request.rb:81:in `controller_class'
actionpack (5.2.3) lib/action_dispatch/routing/route_set.rb:46:in `controller'
actionpack (5.2.3) lib/action_dispatch/routing/route_set.rb:32:in `serve'
actionpack (5.2.3) lib/action_dispatch/journey/router.rb:52:in `block in serve'
actionpack (5.2.3) lib/action_dispatch/journey/router.rb:35:in `each'
actionpack (5.2.3) lib/action_dispatch/journey/router.rb:35:in `serve'
actionpack (5.2.3) lib/action_dispatch/routing/route_set.rb:840:in `call'
rack (2.0.7) lib/rack/tempfile_reaper.rb:15:in `call'
rack (2.0.7) lib/rack/etag.rb:25:in `call'
rack (2.0.7) lib/rack/conditional_get.rb:25:in `call'
rack (2.0.7) lib/rack/head.rb:12:in `call'
actionpack (5.2.3) lib/action_dispatch/http/content_security_policy.rb:18:in `call'
rack (2.0.7) lib/rack/session/abstract/id.rb:232:in `context'
rack (2.0.7) lib/rack/session/abstract/id.rb:226:in `call'
actionpack (5.2.3) lib/action_dispatch/middleware/cookies.rb:670:in `call'
activerecord (5.2.3) lib/active_record/migration.rb:559:in `call'
actionpack (5.2.3) lib/action_dispatch/middleware/callbacks.rb:28:in `block in call'
activesupport (5.2.3) lib/active_support/callbacks.rb:98:in `run_callbacks'
actionpack (5.2.3) lib/action_dispatch/middleware/callbacks.rb:26:in `call'
actionpack (5.2.3) lib/action_dispatch/middleware/executor.rb:14:in `call'
actionpack (5.2.3) lib/action_dispatch/middleware/debug_exceptions.rb:61:in `call'
web-console (3.7.0) lib/web_console/middleware.rb:135:in `call_app'
web-console (3.7.0) lib/web_console/middleware.rb:30:in `block in call'
web-console (3.7.0) lib/web_console/middleware.rb:20:in `catch'
web-console (3.7.0) lib/web_console/middleware.rb:20:in `call'
actionpack (5.2.3) lib/action_dispatch/middleware/show_exceptions.rb:33:in `call'
railties (5.2.3) lib/rails/rack/logger.rb:38:in `call_app'
railties (5.2.3) lib/rails/rack/logger.rb:26:in `block in call'
activesupport (5.2.3) lib/active_support/tagged_logging.rb:71:in `block in tagged'
activesupport (5.2.3) lib/active_support/tagged_logging.rb:28:in `tagged'
activesupport (5.2.3) lib/active_support/tagged_logging.rb:71:in `tagged'
railties (5.2.3) lib/rails/rack/logger.rb:26:in `call'
sprockets-rails (3.2.1) lib/sprockets/rails/quiet_assets.rb:13:in `call'
actionpack (5.2.3) lib/action_dispatch/middleware/remote_ip.rb:81:in `call'
actionpack (5.2.3) lib/action_dispatch/middleware/request_id.rb:27:in `call'
rack (2.0.7) lib/rack/method_override.rb:22:in `call'
rack (2.0.7) lib/rack/runtime.rb:22:in `call'
activesupport (5.2.3) lib/active_support/cache/strategy/local_cache_middleware.rb:29:in `call'
actionpack (5.2.3) lib/action_dispatch/middleware/executor.rb:14:in `call'
actionpack (5.2.3) lib/action_dispatch/middleware/static.rb:127:in `call'
rack (2.0.7) lib/rack/sendfile.rb:111:in `call'
railties (5.2.3) lib/rails/engine.rb:524:in `call'
puma (3.12.1) lib/puma/configuration.rb:227:in `call'
puma (3.12.1) lib/puma/server.rb:660:in `handle_request'
puma (3.12.1) lib/puma/server.rb:474:in `process_client'
puma (3.12.1) lib/puma/server.rb:334:in `block in run'
puma (3.12.1) lib/puma/thread_pool.rb:135:in `block in spawn_thread'
Started GET "/planets" for ::1 at 2019-04-29 10:29:26 -0400
  
ActionController::RoutingError (No route matches [GET] "/planets"):
  
actionpack (5.2.3) lib/action_dispatch/middleware/debug_exceptions.rb:65:in `call'
web-console (3.7.0) lib/web_console/middleware.rb:135:in `call_app'
web-console (3.7.0) lib/web_console/middleware.rb:30:in `block in call'
web-console (3.7.0) lib/web_console/middleware.rb:20:in `catch'
web-console (3.7.0) lib/web_console/middleware.rb:20:in `call'
actionpack (5.2.3) lib/action_dispatch/middleware/show_exceptions.rb:33:in `call'
railties (5.2.3) lib/rails/rack/logger.rb:38:in `call_app'
railties (5.2.3) lib/rails/rack/logger.rb:26:in `block in call'
activesupport (5.2.3) lib/active_support/tagged_logging.rb:71:in `block in tagged'
activesupport (5.2.3) lib/active_support/tagged_logging.rb:28:in `tagged'
activesupport (5.2.3) lib/active_support/tagged_logging.rb:71:in `tagged'
railties (5.2.3) lib/rails/rack/logger.rb:26:in `call'
sprockets-rails (3.2.1) lib/sprockets/rails/quiet_assets.rb:13:in `call'
actionpack (5.2.3) lib/action_dispatch/middleware/remote_ip.rb:81:in `call'
actionpack (5.2.3) lib/action_dispatch/middleware/request_id.rb:27:in `call'
rack (2.0.7) lib/rack/method_override.rb:22:in `call'
rack (2.0.7) lib/rack/runtime.rb:22:in `call'
activesupport (5.2.3) lib/active_support/cache/strategy/local_cache_middleware.rb:29:in `call'
actionpack (5.2.3) lib/action_dispatch/middleware/executor.rb:14:in `call'
actionpack (5.2.3) lib/action_dispatch/middleware/static.rb:127:in `call'
rack (2.0.7) lib/rack/sendfile.rb:111:in `call'
railties (5.2.3) lib/rails/engine.rb:524:in `call'
puma (3.12.1) lib/puma/configuration.rb:227:in `call'
puma (3.12.1) lib/puma/server.rb:660:in `handle_request'
puma (3.12.1) lib/puma/server.rb:474:in `process_client'
puma (3.12.1) lib/puma/server.rb:334:in `block in run'
puma (3.12.1) lib/puma/thread_pool.rb:135:in `block in spawn_thread'
Started GET "/planets" for ::1 at 2019-04-29 10:29:50 -0400
  
ActionController::RoutingError (uninitialized constant PlanetsController):
  
bootsnap (1.4.4) lib/bootsnap/load_path_cache/core_ext/active_support.rb:79:in `block in load_missing_constant'
bootsnap (1.4.4) lib/bootsnap/load_path_cache/core_ext/active_support.rb:8:in `without_bootsnap_cache'
bootsnap (1.4.4) lib/bootsnap/load_path_cache/core_ext/active_support.rb:79:in `rescue in load_missing_constant'
bootsnap (1.4.4) lib/bootsnap/load_path_cache/core_ext/active_support.rb:58:in `load_missing_constant'
activesupport (5.2.3) lib/active_support/inflector/methods.rb:283:in `const_get'
activesupport (5.2.3) lib/active_support/inflector/methods.rb:283:in `block in constantize'
activesupport (5.2.3) lib/active_support/inflector/methods.rb:281:in `each'
activesupport (5.2.3) lib/active_support/inflector/methods.rb:281:in `inject'
activesupport (5.2.3) lib/active_support/inflector/methods.rb:281:in `constantize'
actionpack (5.2.3) lib/action_dispatch/http/request.rb:88:in `controller_class_for'
actionpack (5.2.3) lib/action_dispatch/http/request.rb:81:in `controller_class'
actionpack (5.2.3) lib/action_dispatch/routing/route_set.rb:46:in `controller'
actionpack (5.2.3) lib/action_dispatch/routing/route_set.rb:32:in `serve'
actionpack (5.2.3) lib/action_dispatch/journey/router.rb:52:in `block in serve'
actionpack (5.2.3) lib/action_dispatch/journey/router.rb:35:in `each'
actionpack (5.2.3) lib/action_dispatch/journey/router.rb:35:in `serve'
actionpack (5.2.3) lib/action_dispatch/routing/route_set.rb:840:in `call'
rack (2.0.7) lib/rack/tempfile_reaper.rb:15:in `call'
rack (2.0.7) lib/rack/etag.rb:25:in `call'
rack (2.0.7) lib/rack/conditional_get.rb:25:in `call'
rack (2.0.7) lib/rack/head.rb:12:in `call'
actionpack (5.2.3) lib/action_dispatch/http/content_security_policy.rb:18:in `call'
rack (2.0.7) lib/rack/session/abstract/id.rb:232:in `context'
rack (2.0.7) lib/rack/session/abstract/id.rb:226:in `call'
actionpack (5.2.3) lib/action_dispatch/middleware/cookies.rb:670:in `call'
activerecord (5.2.3) lib/active_record/migration.rb:559:in `call'
actionpack (5.2.3) lib/action_dispatch/middleware/callbacks.rb:28:in `block in call'
activesupport (5.2.3) lib/active_support/callbacks.rb:98:in `run_callbacks'
actionpack (5.2.3) lib/action_dispatch/middleware/callbacks.rb:26:in `call'
actionpack (5.2.3) lib/action_dispatch/middleware/executor.rb:14:in `call'
actionpack (5.2.3) lib/action_dispatch/middleware/debug_exceptions.rb:61:in `call'
web-console (3.7.0) lib/web_console/middleware.rb:135:in `call_app'
web-console (3.7.0) lib/web_console/middleware.rb:30:in `block in call'
web-console (3.7.0) lib/web_console/middleware.rb:20:in `catch'
web-console (3.7.0) lib/web_console/middleware.rb:20:in `call'
actionpack (5.2.3) lib/action_dispatch/middleware/show_exceptions.rb:33:in `call'
railties (5.2.3) lib/rails/rack/logger.rb:38:in `call_app'
railties (5.2.3) lib/rails/rack/logger.rb:26:in `block in call'
activesupport (5.2.3) lib/active_support/tagged_logging.rb:71:in `block in tagged'
activesupport (5.2.3) lib/active_support/tagged_logging.rb:28:in `tagged'
activesupport (5.2.3) lib/active_support/tagged_logging.rb:71:in `tagged'
railties (5.2.3) lib/rails/rack/logger.rb:26:in `call'
sprockets-rails (3.2.1) lib/sprockets/rails/quiet_assets.rb:13:in `call'
actionpack (5.2.3) lib/action_dispatch/middleware/remote_ip.rb:81:in `call'
actionpack (5.2.3) lib/action_dispatch/middleware/request_id.rb:27:in `call'
rack (2.0.7) lib/rack/method_override.rb:22:in `call'
rack (2.0.7) lib/rack/runtime.rb:22:in `call'
activesupport (5.2.3) lib/active_support/cache/strategy/local_cache_middleware.rb:29:in `call'
actionpack (5.2.3) lib/action_dispatch/middleware/executor.rb:14:in `call'
actionpack (5.2.3) lib/action_dispatch/middleware/static.rb:127:in `call'
rack (2.0.7) lib/rack/sendfile.rb:111:in `call'
railties (5.2.3) lib/rails/engine.rb:524:in `call'
puma (3.12.1) lib/puma/configuration.rb:227:in `call'
puma (3.12.1) lib/puma/server.rb:660:in `handle_request'
puma (3.12.1) lib/puma/server.rb:474:in `process_client'
puma (3.12.1) lib/puma/server.rb:334:in `block in run'
puma (3.12.1) lib/puma/thread_pool.rb:135:in `block in spawn_thread'
Started GET "/planets" for ::1 at 2019-04-29 10:30:20 -0400
  
ActionController::RoutingError (No route matches [GET] "/planets"):
  
actionpack (5.2.3) lib/action_dispatch/middleware/debug_exceptions.rb:65:in `call'
web-console (3.7.0) lib/web_console/middleware.rb:135:in `call_app'
web-console (3.7.0) lib/web_console/middleware.rb:30:in `block in call'
web-console (3.7.0) lib/web_console/middleware.rb:20:in `catch'
web-console (3.7.0) lib/web_console/middleware.rb:20:in `call'
actionpack (5.2.3) lib/action_dispatch/middleware/show_exceptions.rb:33:in `call'
railties (5.2.3) lib/rails/rack/logger.rb:38:in `call_app'
railties (5.2.3) lib/rails/rack/logger.rb:26:in `block in call'
activesupport (5.2.3) lib/active_support/tagged_logging.rb:71:in `block in tagged'
activesupport (5.2.3) lib/active_support/tagged_logging.rb:28:in `tagged'
activesupport (5.2.3) lib/active_support/tagged_logging.rb:71:in `tagged'
railties (5.2.3) lib/rails/rack/logger.rb:26:in `call'
sprockets-rails (3.2.1) lib/sprockets/rails/quiet_assets.rb:13:in `call'
actionpack (5.2.3) lib/action_dispatch/middleware/remote_ip.rb:81:in `call'
actionpack (5.2.3) lib/action_dispatch/middleware/request_id.rb:27:in `call'
rack (2.0.7) lib/rack/method_override.rb:22:in `call'
rack (2.0.7) lib/rack/runtime.rb:22:in `call'
activesupport (5.2.3) lib/active_support/cache/strategy/local_cache_middleware.rb:29:in `call'
actionpack (5.2.3) lib/action_dispatch/middleware/executor.rb:14:in `call'
actionpack (5.2.3) lib/action_dispatch/middleware/static.rb:127:in `call'
rack (2.0.7) lib/rack/sendfile.rb:111:in `call'
railties (5.2.3) lib/rails/engine.rb:524:in `call'
puma (3.12.1) lib/puma/configuration.rb:227:in `call'
puma (3.12.1) lib/puma/server.rb:660:in `handle_request'
puma (3.12.1) lib/puma/server.rb:474:in `process_client'
puma (3.12.1) lib/puma/server.rb:334:in `block in run'
puma (3.12.1) lib/puma/thread_pool.rb:135:in `block in spawn_thread'
Started GET "/planet" for ::1 at 2019-04-29 10:30:38 -0400
Processing by PlanetController#index as HTML
  Rendering planet/index.html.erb within layouts/application
  [1m[36mPlanet Load (0.6ms)[0m  [1m[34mSELECT "planets".* FROM "planets"[0m
  ↳ app/views/planet/index.html.erb:3
  Rendered planet/index.html.erb within layouts/application (15.2ms)
Completed 200 OK in 670ms (Views: 659.2ms | ActiveRecord: 4.4ms)


Started GET "/planet/1" for ::1 at 2019-04-29 10:32:37 -0400
Processing by PlanetController#show as HTML
  Parameters: {"id"=>"1"}
  [1m[36mPlanet Load (0.3ms)[0m  [1m[34mSELECT  "planets".* FROM "planets" WHERE "planets"."id" = $1 LIMIT $2[0m  [["id", 1], ["LIMIT", 1]]
  ↳ app/controllers/planet_controller.rb:6
  Rendering planet/show.html.erb within layouts/application
  Rendered planet/show.html.erb within layouts/application (257.8ms)
Completed 500 Internal Server Error in 281ms (ActiveRecord: 6.0ms)


  
ActionView::Template::Error (undefined local variable or method `planet' for #<#<Class:0x00007fdba0437758>:0x00007fdba0435e58>
Did you mean?  @planet):
    1: <h1><% @planet.name %></h1>
    2: <table>
    3:     <tr>
    4:         <td><%= planet.distance_from_sun %></td>
    5:         <td><%= planet.diameter%></td>
    6:         <td><%= planet.orbit_period %></td>
    7:     </tr>
  
app/views/planet/show.html.erb:4:in `_app_views_planet_show_html_erb__2912600251217711848_70290631671640'
Started GET "/planet/1" for ::1 at 2019-04-29 10:32:52 -0400
Processing by PlanetController#show as HTML
  Parameters: {"id"=>"1"}
  [1m[36mPlanet Load (0.3ms)[0m  [1m[34mSELECT  "planets".* FROM "planets" WHERE "planets"."id" = $1 LIMIT $2[0m  [["id", 1], ["LIMIT", 1]]
  ↳ app/controllers/planet_controller.rb:6
  Rendering planet/show.html.erb within layouts/application
  Rendered planet/show.html.erb within layouts/application (1.0ms)
Completed 200 OK in 36ms (Views: 30.9ms | ActiveRecord: 0.3ms)


Started GET "/planet/1" for ::1 at 2019-04-29 10:33:58 -0400
Processing by PlanetController#show as HTML
  Parameters: {"id"=>"1"}
  [1m[36mPlanet Load (0.5ms)[0m  [1m[34mSELECT  "planets".* FROM "planets" WHERE "planets"."id" = $1 LIMIT $2[0m  [["id", 1], ["LIMIT", 1]]
  ↳ app/controllers/planet_controller.rb:6
  Rendering planet/show.html.erb within layouts/application
  Rendered planet/show.html.erb within layouts/application (0.6ms)
Completed 200 OK in 25ms (Views: 21.3ms | ActiveRecord: 0.5ms)


Started GET "/planet/1" for ::1 at 2019-04-29 10:34:12 -0400
Processing by PlanetController#show as HTML
  Parameters: {"id"=>"1"}
  [1m[36mPlanet Load (0.8ms)[0m  [1m[34mSELECT  "planets".* FROM "planets" WHERE "planets"."id" = $1 LIMIT $2[0m  [["id", 1], ["LIMIT", 1]]
  ↳ app/controllers/planet_controller.rb:6
  Rendering planet/show.html.erb within layouts/application
  Rendered planet/show.html.erb within layouts/application (1.2ms)
Completed 200 OK in 31ms (Views: 27.2ms | ActiveRecord: 0.8ms)


Started GET "/moon" for ::1 at 2019-04-29 10:37:17 -0400
  
ActionController::RoutingError (No route matches [GET] "/moon"):
  
actionpack (5.2.3) lib/action_dispatch/middleware/debug_exceptions.rb:65:in `call'
web-console (3.7.0) lib/web_console/middleware.rb:135:in `call_app'
web-console (3.7.0) lib/web_console/middleware.rb:30:in `block in call'
web-console (3.7.0) lib/web_console/middleware.rb:20:in `catch'
web-console (3.7.0) lib/web_console/middleware.rb:20:in `call'
actionpack (5.2.3) lib/action_dispatch/middleware/show_exceptions.rb:33:in `call'
railties (5.2.3) lib/rails/rack/logger.rb:38:in `call_app'
railties (5.2.3) lib/rails/rack/logger.rb:26:in `block in call'
activesupport (5.2.3) lib/active_support/tagged_logging.rb:71:in `block in tagged'
activesupport (5.2.3) lib/active_support/tagged_logging.rb:28:in `tagged'
activesupport (5.2.3) lib/active_support/tagged_logging.rb:71:in `tagged'
railties (5.2.3) lib/rails/rack/logger.rb:26:in `call'
sprockets-rails (3.2.1) lib/sprockets/rails/quiet_assets.rb:13:in `call'
actionpack (5.2.3) lib/action_dispatch/middleware/remote_ip.rb:81:in `call'
actionpack (5.2.3) lib/action_dispatch/middleware/request_id.rb:27:in `call'
rack (2.0.7) lib/rack/method_override.rb:22:in `call'
rack (2.0.7) lib/rack/runtime.rb:22:in `call'
activesupport (5.2.3) lib/active_support/cache/strategy/local_cache_middleware.rb:29:in `call'
actionpack (5.2.3) lib/action_dispatch/middleware/executor.rb:14:in `call'
actionpack (5.2.3) lib/action_dispatch/middleware/static.rb:127:in `call'
rack (2.0.7) lib/rack/sendfile.rb:111:in `call'
railties (5.2.3) lib/rails/engine.rb:524:in `call'
puma (3.12.1) lib/puma/configuration.rb:227:in `call'
puma (3.12.1) lib/puma/server.rb:660:in `handle_request'
puma (3.12.1) lib/puma/server.rb:474:in `process_client'
puma (3.12.1) lib/puma/server.rb:334:in `block in run'
puma (3.12.1) lib/puma/thread_pool.rb:135:in `block in spawn_thread'
Started GET "/moons" for ::1 at 2019-04-29 10:37:28 -0400
  
ActionController::RoutingError (No route matches [GET] "/moons"):
  
actionpack (5.2.3) lib/action_dispatch/middleware/debug_exceptions.rb:65:in `call'
web-console (3.7.0) lib/web_console/middleware.rb:135:in `call_app'
web-console (3.7.0) lib/web_console/middleware.rb:30:in `block in call'
web-console (3.7.0) lib/web_console/middleware.rb:20:in `catch'
web-console (3.7.0) lib/web_console/middleware.rb:20:in `call'
actionpack (5.2.3) lib/action_dispatch/middleware/show_exceptions.rb:33:in `call'
railties (5.2.3) lib/rails/rack/logger.rb:38:in `call_app'
railties (5.2.3) lib/rails/rack/logger.rb:26:in `block in call'
activesupport (5.2.3) lib/active_support/tagged_logging.rb:71:in `block in tagged'
activesupport (5.2.3) lib/active_support/tagged_logging.rb:28:in `tagged'
activesupport (5.2.3) lib/active_support/tagged_logging.rb:71:in `tagged'
railties (5.2.3) lib/rails/rack/logger.rb:26:in `call'
sprockets-rails (3.2.1) lib/sprockets/rails/quiet_assets.rb:13:in `call'
actionpack (5.2.3) lib/action_dispatch/middleware/remote_ip.rb:81:in `call'
actionpack (5.2.3) lib/action_dispatch/middleware/request_id.rb:27:in `call'
rack (2.0.7) lib/rack/method_override.rb:22:in `call'
rack (2.0.7) lib/rack/runtime.rb:22:in `call'
activesupport (5.2.3) lib/active_support/cache/strategy/local_cache_middleware.rb:29:in `call'
actionpack (5.2.3) lib/action_dispatch/middleware/executor.rb:14:in `call'
actionpack (5.2.3) lib/action_dispatch/middleware/static.rb:127:in `call'
rack (2.0.7) lib/rack/sendfile.rb:111:in `call'
railties (5.2.3) lib/rails/engine.rb:524:in `call'
puma (3.12.1) lib/puma/configuration.rb:227:in `call'
puma (3.12.1) lib/puma/server.rb:660:in `handle_request'
puma (3.12.1) lib/puma/server.rb:474:in `process_client'
puma (3.12.1) lib/puma/server.rb:334:in `block in run'
puma (3.12.1) lib/puma/thread_pool.rb:135:in `block in spawn_thread'
Started GET "/moon" for ::1 at 2019-04-29 10:37:37 -0400
  
ActionController::RoutingError (No route matches [GET] "/moon"):
  
actionpack (5.2.3) lib/action_dispatch/middleware/debug_exceptions.rb:65:in `call'
web-console (3.7.0) lib/web_console/middleware.rb:135:in `call_app'
web-console (3.7.0) lib/web_console/middleware.rb:30:in `block in call'
web-console (3.7.0) lib/web_console/middleware.rb:20:in `catch'
web-console (3.7.0) lib/web_console/middleware.rb:20:in `call'
actionpack (5.2.3) lib/action_dispatch/middleware/show_exceptions.rb:33:in `call'
railties (5.2.3) lib/rails/rack/logger.rb:38:in `call_app'
railties (5.2.3) lib/rails/rack/logger.rb:26:in `block in call'
activesupport (5.2.3) lib/active_support/tagged_logging.rb:71:in `block in tagged'
activesupport (5.2.3) lib/active_support/tagged_logging.rb:28:in `tagged'
activesupport (5.2.3) lib/active_support/tagged_logging.rb:71:in `tagged'
railties (5.2.3) lib/rails/rack/logger.rb:26:in `call'
sprockets-rails (3.2.1) lib/sprockets/rails/quiet_assets.rb:13:in `call'
actionpack (5.2.3) lib/action_dispatch/middleware/remote_ip.rb:81:in `call'
actionpack (5.2.3) lib/action_dispatch/middleware/request_id.rb:27:in `call'
rack (2.0.7) lib/rack/method_override.rb:22:in `call'
rack (2.0.7) lib/rack/runtime.rb:22:in `call'
activesupport (5.2.3) lib/active_support/cache/strategy/local_cache_middleware.rb:29:in `call'
actionpack (5.2.3) lib/action_dispatch/middleware/executor.rb:14:in `call'
actionpack (5.2.3) lib/action_dispatch/middleware/static.rb:127:in `call'
rack (2.0.7) lib/rack/sendfile.rb:111:in `call'
railties (5.2.3) lib/rails/engine.rb:524:in `call'
puma (3.12.1) lib/puma/configuration.rb:227:in `call'
puma (3.12.1) lib/puma/server.rb:660:in `handle_request'
puma (3.12.1) lib/puma/server.rb:474:in `process_client'
puma (3.12.1) lib/puma/server.rb:334:in `block in run'
puma (3.12.1) lib/puma/thread_pool.rb:135:in `block in spawn_thread'
Started GET "/planet" for ::1 at 2019-04-29 10:37:41 -0400
Processing by PlanetController#index as HTML
  Rendering planet/index.html.erb within layouts/application
  [1m[36mPlanet Load (0.3ms)[0m  [1m[34mSELECT "planets".* FROM "planets"[0m
  ↳ app/views/planet/index.html.erb:3
  Rendered planet/index.html.erb within layouts/application (13.6ms)
Completed 200 OK in 86ms (Views: 79.4ms | ActiveRecord: 3.1ms)


Started GET "/planet/moon" for ::1 at 2019-04-29 10:37:45 -0400
Processing by PlanetController#show as HTML
  Parameters: {"id"=>"moon"}
  [1m[36mPlanet Load (0.4ms)[0m  [1m[34mSELECT  "planets".* FROM "planets" WHERE "planets"."id" = $1 LIMIT $2[0m  [["id", 0], ["LIMIT", 1]]
  ↳ app/controllers/planet_controller.rb:6
Completed 404 Not Found in 6ms (ActiveRecord: 2.5ms)


  
ActiveRecord::RecordNotFound (Couldn't find Planet with 'id'=moon):
  
app/controllers/planet_controller.rb:6:in `show'
Started GET "/planet" for ::1 at 2019-04-29 10:37:49 -0400
Processing by PlanetController#index as HTML
  Rendering planet/index.html.erb within layouts/application
  [1m[36mPlanet Load (0.5ms)[0m  [1m[34mSELECT "planets".* FROM "planets"[0m
  ↳ app/views/planet/index.html.erb:3
  Rendered planet/index.html.erb within layouts/application (3.1ms)
Completed 200 OK in 47ms (Views: 44.3ms | ActiveRecord: 0.5ms)


Started GET "/moon" for ::1 at 2019-04-29 10:39:09 -0400
  
ActionController::RoutingError (No route matches [GET] "/moon"):
  
actionpack (5.2.3) lib/action_dispatch/middleware/debug_exceptions.rb:65:in `call'
web-console (3.7.0) lib/web_console/middleware.rb:135:in `call_app'
web-console (3.7.0) lib/web_console/middleware.rb:30:in `block in call'
web-console (3.7.0) lib/web_console/middleware.rb:20:in `catch'
web-console (3.7.0) lib/web_console/middleware.rb:20:in `call'
actionpack (5.2.3) lib/action_dispatch/middleware/show_exceptions.rb:33:in `call'
railties (5.2.3) lib/rails/rack/logger.rb:38:in `call_app'
railties (5.2.3) lib/rails/rack/logger.rb:26:in `block in call'
activesupport (5.2.3) lib/active_support/tagged_logging.rb:71:in `block in tagged'
activesupport (5.2.3) lib/active_support/tagged_logging.rb:28:in `tagged'
activesupport (5.2.3) lib/active_support/tagged_logging.rb:71:in `tagged'
railties (5.2.3) lib/rails/rack/logger.rb:26:in `call'
sprockets-rails (3.2.1) lib/sprockets/rails/quiet_assets.rb:13:in `call'
actionpack (5.2.3) lib/action_dispatch/middleware/remote_ip.rb:81:in `call'
actionpack (5.2.3) lib/action_dispatch/middleware/request_id.rb:27:in `call'
rack (2.0.7) lib/rack/method_override.rb:22:in `call'
rack (2.0.7) lib/rack/runtime.rb:22:in `call'
activesupport (5.2.3) lib/active_support/cache/strategy/local_cache_middleware.rb:29:in `call'
actionpack (5.2.3) lib/action_dispatch/middleware/executor.rb:14:in `call'
actionpack (5.2.3) lib/action_dispatch/middleware/static.rb:127:in `call'
rack (2.0.7) lib/rack/sendfile.rb:111:in `call'
railties (5.2.3) lib/rails/engine.rb:524:in `call'
puma (3.12.1) lib/puma/configuration.rb:227:in `call'
puma (3.12.1) lib/puma/server.rb:660:in `handle_request'
puma (3.12.1) lib/puma/server.rb:474:in `process_client'
puma (3.12.1) lib/puma/server.rb:334:in `block in run'
puma (3.12.1) lib/puma/thread_pool.rb:135:in `block in spawn_thread'
Started GET "/moon" for ::1 at 2019-04-29 10:40:01 -0400
Processing by MoonController#index as HTML
  Rendering moon/index.html.erb within layouts/application
  [1m[36mMoon Load (0.4ms)[0m  [1m[34mSELECT "moons".* FROM "moons"[0m
  ↳ app/views/moon/index.html.erb:3
  Rendered moon/index.html.erb within layouts/application (10.7ms)
Completed 200 OK in 34ms (Views: 27.9ms | ActiveRecord: 3.2ms)


Started GET "/moon/1" for ::1 at 2019-04-29 10:42:03 -0400
Processing by MoonController#show as HTML
  Parameters: {"id"=>"1"}
  [1m[36mMoon Load (0.3ms)[0m  [1m[34mSELECT  "moons".* FROM "moons" WHERE "moons"."id" = $1 LIMIT $2[0m  [["id", 1], ["LIMIT", 1]]
  ↳ app/controllers/moon_controller.rb:6
  Rendering moon/show.html.erb within layouts/application
  Rendered moon/show.html.erb within layouts/application (196.8ms)
Completed 500 Internal Server Error in 203ms (ActiveRecord: 0.3ms)


  
ActionView::Template::Error (undefined local variable or method `moon' for #<#<Class:0x00007fdba10bb970>:0x00007fdba1184d98>
Did you mean?  @moon):
    3: <p><%= @moon.distance_from_planet %></p>
    4: <p><%= @moon.radius%></p>
    5: <p><%= @moon.orbit_period %></p>
    6: <p><%= moon.orbit_period %></p>
    7: <p><%= moon.planet %></p>
  
app/views/moon/show.html.erb:6:in `_app_views_moon_show_html_erb__2404681225599443858_70290638646020'
Started GET "/moon/1" for ::1 at 2019-04-29 10:42:14 -0400
Processing by MoonController#show as HTML
  Parameters: {"id"=>"1"}
  [1m[36mMoon Load (0.4ms)[0m  [1m[34mSELECT  "moons".* FROM "moons" WHERE "moons"."id" = $1 LIMIT $2[0m  [["id", 1], ["LIMIT", 1]]
  ↳ app/controllers/moon_controller.rb:6
  Rendering moon/show.html.erb within layouts/application
  Rendered moon/show.html.erb within layouts/application (0.4ms)
Completed 200 OK in 63ms (Views: 56.9ms | ActiveRecord: 0.4ms)


Started GET "/planet/1" for ::1 at 2019-04-29 10:46:15 -0400
Processing by PlanetController#show as HTML
  Parameters: {"id"=>"1"}
  [1m[36mPlanet Load (0.3ms)[0m  [1m[34mSELECT  "planets".* FROM "planets" WHERE "planets"."id" = $1 LIMIT $2[0m  [["id", 1], ["LIMIT", 1]]
  ↳ app/controllers/planet_controller.rb:6
  Rendering planet/show.html.erb within layouts/application
  Rendered planet/show.html.erb within layouts/application (0.6ms)
Completed 200 OK in 24ms (Views: 15.6ms | ActiveRecord: 0.3ms)


Started GET "/planet" for ::1 at 2019-04-29 10:47:49 -0400
Processing by PlanetController#index as HTML
  Rendering planet/index.html.erb within layouts/application
  [1m[36mPlanet Load (0.3ms)[0m  [1m[34mSELECT "planets".* FROM "planets"[0m
  ↳ app/views/planet/index.html.erb:3
  Rendered planet/index.html.erb within layouts/application (10.0ms)
Completed 200 OK in 83ms (Views: 77.1ms | ActiveRecord: 2.9ms)


Started GET "/planet/random" for ::1 at 2019-04-29 10:49:27 -0400
Processing by PlanetController#show as HTML
  Parameters: {"id"=>"random"}
  [1m[36mPlanet Load (0.3ms)[0m  [1m[34mSELECT  "planets".* FROM "planets" WHERE "planets"."id" = $1 LIMIT $2[0m  [["id", 0], ["LIMIT", 1]]
  ↳ app/controllers/planet_controller.rb:6
Completed 404 Not Found in 12ms (ActiveRecord: 7.7ms)


  
ActiveRecord::RecordNotFound (Couldn't find Planet with 'id'=random):
  
app/controllers/planet_controller.rb:6:in `show'
Started GET "/planet/random" for ::1 at 2019-04-29 10:50:14 -0400
Processing by PlanetController#show as HTML
  Parameters: {"id"=>"random"}
  [1m[36mPlanet Load (0.2ms)[0m  [1m[34mSELECT  "planets".* FROM "planets" WHERE "planets"."id" = $1 LIMIT $2[0m  [["id", 0], ["LIMIT", 1]]
  ↳ app/controllers/planet_controller.rb:6
Completed 404 Not Found in 6ms (ActiveRecord: 2.8ms)


  
ActiveRecord::RecordNotFound (Couldn't find Planet with 'id'=random):
  
app/controllers/planet_controller.rb:6:in `show'
Started GET "/random" for ::1 at 2019-04-29 10:50:30 -0400
  
ActionController::RoutingError (No route matches [GET] "/random"):
  
actionpack (5.2.3) lib/action_dispatch/middleware/debug_exceptions.rb:65:in `call'
web-console (3.7.0) lib/web_console/middleware.rb:135:in `call_app'
web-console (3.7.0) lib/web_console/middleware.rb:30:in `block in call'
web-console (3.7.0) lib/web_console/middleware.rb:20:in `catch'
web-console (3.7.0) lib/web_console/middleware.rb:20:in `call'
actionpack (5.2.3) lib/action_dispatch/middleware/show_exceptions.rb:33:in `call'
railties (5.2.3) lib/rails/rack/logger.rb:38:in `call_app'
railties (5.2.3) lib/rails/rack/logger.rb:26:in `block in call'
activesupport (5.2.3) lib/active_support/tagged_logging.rb:71:in `block in tagged'
activesupport (5.2.3) lib/active_support/tagged_logging.rb:28:in `tagged'
activesupport (5.2.3) lib/active_support/tagged_logging.rb:71:in `tagged'
railties (5.2.3) lib/rails/rack/logger.rb:26:in `call'
sprockets-rails (3.2.1) lib/sprockets/rails/quiet_assets.rb:13:in `call'
actionpack (5.2.3) lib/action_dispatch/middleware/remote_ip.rb:81:in `call'
actionpack (5.2.3) lib/action_dispatch/middleware/request_id.rb:27:in `call'
rack (2.0.7) lib/rack/method_override.rb:22:in `call'
rack (2.0.7) lib/rack/runtime.rb:22:in `call'
activesupport (5.2.3) lib/active_support/cache/strategy/local_cache_middleware.rb:29:in `call'
actionpack (5.2.3) lib/action_dispatch/middleware/executor.rb:14:in `call'
actionpack (5.2.3) lib/action_dispatch/middleware/static.rb:127:in `call'
rack (2.0.7) lib/rack/sendfile.rb:111:in `call'
railties (5.2.3) lib/rails/engine.rb:524:in `call'
puma (3.12.1) lib/puma/configuration.rb:227:in `call'
puma (3.12.1) lib/puma/server.rb:660:in `handle_request'
puma (3.12.1) lib/puma/server.rb:474:in `process_client'
puma (3.12.1) lib/puma/server.rb:334:in `block in run'
puma (3.12.1) lib/puma/thread_pool.rb:135:in `block in spawn_thread'
Started GET "/random" for ::1 at 2019-04-29 10:51:49 -0400
  
ActionController::RoutingError (No route matches [GET] "/random"):
  
actionpack (5.2.3) lib/action_dispatch/middleware/debug_exceptions.rb:65:in `call'
web-console (3.7.0) lib/web_console/middleware.rb:135:in `call_app'
web-console (3.7.0) lib/web_console/middleware.rb:30:in `block in call'
web-console (3.7.0) lib/web_console/middleware.rb:20:in `catch'
web-console (3.7.0) lib/web_console/middleware.rb:20:in `call'
actionpack (5.2.3) lib/action_dispatch/middleware/show_exceptions.rb:33:in `call'
railties (5.2.3) lib/rails/rack/logger.rb:38:in `call_app'
railties (5.2.3) lib/rails/rack/logger.rb:26:in `block in call'
activesupport (5.2.3) lib/active_support/tagged_logging.rb:71:in `block in tagged'
activesupport (5.2.3) lib/active_support/tagged_logging.rb:28:in `tagged'
activesupport (5.2.3) lib/active_support/tagged_logging.rb:71:in `tagged'
railties (5.2.3) lib/rails/rack/logger.rb:26:in `call'
sprockets-rails (3.2.1) lib/sprockets/rails/quiet_assets.rb:13:in `call'
actionpack (5.2.3) lib/action_dispatch/middleware/remote_ip.rb:81:in `call'
actionpack (5.2.3) lib/action_dispatch/middleware/request_id.rb:27:in `call'
rack (2.0.7) lib/rack/method_override.rb:22:in `call'
rack (2.0.7) lib/rack/runtime.rb:22:in `call'
activesupport (5.2.3) lib/active_support/cache/strategy/local_cache_middleware.rb:29:in `call'
actionpack (5.2.3) lib/action_dispatch/middleware/executor.rb:14:in `call'
actionpack (5.2.3) lib/action_dispatch/middleware/static.rb:127:in `call'
rack (2.0.7) lib/rack/sendfile.rb:111:in `call'
railties (5.2.3) lib/rails/engine.rb:524:in `call'
puma (3.12.1) lib/puma/configuration.rb:227:in `call'
puma (3.12.1) lib/puma/server.rb:660:in `handle_request'
puma (3.12.1) lib/puma/server.rb:474:in `process_client'
puma (3.12.1) lib/puma/server.rb:334:in `block in run'
puma (3.12.1) lib/puma/thread_pool.rb:135:in `block in spawn_thread'
Started GET "/random" for ::1 at 2019-04-29 10:53:51 -0400
  
AbstractController::ActionNotFound (The action 'index' could not be found for RandomController):
  
actionpack (5.2.3) lib/abstract_controller/base.rb:129:in `process'
actionview (5.2.3) lib/action_view/rendering.rb:32:in `process'
actionpack (5.2.3) lib/action_controller/metal.rb:191:in `dispatch'
actionpack (5.2.3) lib/action_controller/metal.rb:252:in `dispatch'
actionpack (5.2.3) lib/action_dispatch/routing/route_set.rb:52:in `dispatch'
actionpack (5.2.3) lib/action_dispatch/routing/route_set.rb:34:in `serve'
actionpack (5.2.3) lib/action_dispatch/journey/router.rb:52:in `block in serve'
actionpack (5.2.3) lib/action_dispatch/journey/router.rb:35:in `each'
actionpack (5.2.3) lib/action_dispatch/journey/router.rb:35:in `serve'
actionpack (5.2.3) lib/action_dispatch/routing/route_set.rb:840:in `call'
rack (2.0.7) lib/rack/tempfile_reaper.rb:15:in `call'
rack (2.0.7) lib/rack/etag.rb:25:in `call'
rack (2.0.7) lib/rack/conditional_get.rb:25:in `call'
rack (2.0.7) lib/rack/head.rb:12:in `call'
actionpack (5.2.3) lib/action_dispatch/http/content_security_policy.rb:18:in `call'
rack (2.0.7) lib/rack/session/abstract/id.rb:232:in `context'
rack (2.0.7) lib/rack/session/abstract/id.rb:226:in `call'
actionpack (5.2.3) lib/action_dispatch/middleware/cookies.rb:670:in `call'
activerecord (5.2.3) lib/active_record/migration.rb:559:in `call'
actionpack (5.2.3) lib/action_dispatch/middleware/callbacks.rb:28:in `block in call'
activesupport (5.2.3) lib/active_support/callbacks.rb:98:in `run_callbacks'
actionpack (5.2.3) lib/action_dispatch/middleware/callbacks.rb:26:in `call'
actionpack (5.2.3) lib/action_dispatch/middleware/executor.rb:14:in `call'
actionpack (5.2.3) lib/action_dispatch/middleware/debug_exceptions.rb:61:in `call'
web-console (3.7.0) lib/web_console/middleware.rb:135:in `call_app'
web-console (3.7.0) lib/web_console/middleware.rb:30:in `block in call'
web-console (3.7.0) lib/web_console/middleware.rb:20:in `catch'
web-console (3.7.0) lib/web_console/middleware.rb:20:in `call'
actionpack (5.2.3) lib/action_dispatch/middleware/show_exceptions.rb:33:in `call'
railties (5.2.3) lib/rails/rack/logger.rb:38:in `call_app'
railties (5.2.3) lib/rails/rack/logger.rb:26:in `block in call'
activesupport (5.2.3) lib/active_support/tagged_logging.rb:71:in `block in tagged'
activesupport (5.2.3) lib/active_support/tagged_logging.rb:28:in `tagged'
activesupport (5.2.3) lib/active_support/tagged_logging.rb:71:in `tagged'
railties (5.2.3) lib/rails/rack/logger.rb:26:in `call'
sprockets-rails (3.2.1) lib/sprockets/rails/quiet_assets.rb:13:in `call'
actionpack (5.2.3) lib/action_dispatch/middleware/remote_ip.rb:81:in `call'
actionpack (5.2.3) lib/action_dispatch/middleware/request_id.rb:27:in `call'
rack (2.0.7) lib/rack/method_override.rb:22:in `call'
rack (2.0.7) lib/rack/runtime.rb:22:in `call'
activesupport (5.2.3) lib/active_support/cache/strategy/local_cache_middleware.rb:29:in `call'
actionpack (5.2.3) lib/action_dispatch/middleware/executor.rb:14:in `call'
actionpack (5.2.3) lib/action_dispatch/middleware/static.rb:127:in `call'
rack (2.0.7) lib/rack/sendfile.rb:111:in `call'
railties (5.2.3) lib/rails/engine.rb:524:in `call'
puma (3.12.1) lib/puma/configuration.rb:227:in `call'
puma (3.12.1) lib/puma/server.rb:660:in `handle_request'
puma (3.12.1) lib/puma/server.rb:474:in `process_client'
puma (3.12.1) lib/puma/server.rb:334:in `block in run'
puma (3.12.1) lib/puma/thread_pool.rb:135:in `block in spawn_thread'
Started GET "/random" for ::1 at 2019-04-29 10:54:14 -0400
Processing by RandomController#index as HTML
Completed 406 Not Acceptable in 24ms (ActiveRecord: 0.0ms)


  
ActionController::UnknownFormat (RandomController#index is missing a template for this request format and variant.

request.formats: ["text/html"]
request.variant: []

NOTE! For XHR/Ajax or API requests, this action would normally respond with 204 No Content: an empty white screen. Since you're loading it in a web browser, we assume that you expected to actually render a template, not nothing, so we're showing an error to be extra-clear. If you expect 204 No Content, carry on. That's what you'll get from an XHR or API request. Give it a shot.):
  
actionpack (5.2.3) lib/action_controller/metal/implicit_render.rb:55:in `default_render'
actionpack (5.2.3) lib/action_controller/metal/basic_implicit_render.rb:6:in `block in send_action'
actionpack (5.2.3) lib/action_controller/metal/basic_implicit_render.rb:6:in `tap'
actionpack (5.2.3) lib/action_controller/metal/basic_implicit_render.rb:6:in `send_action'
actionpack (5.2.3) lib/abstract_controller/base.rb:194:in `process_action'
actionpack (5.2.3) lib/action_controller/metal/rendering.rb:30:in `process_action'
actionpack (5.2.3) lib/abstract_controller/callbacks.rb:42:in `block in process_action'
activesupport (5.2.3) lib/active_support/callbacks.rb:132:in `run_callbacks'
actionpack (5.2.3) lib/abstract_controller/callbacks.rb:41:in `process_action'
actionpack (5.2.3) lib/action_controller/metal/rescue.rb:22:in `process_action'
actionpack (5.2.3) lib/action_controller/metal/instrumentation.rb:34:in `block in process_action'
activesupport (5.2.3) lib/active_support/notifications.rb:168:in `block in instrument'
activesupport (5.2.3) lib/active_support/notifications/instrumenter.rb:23:in `instrument'
activesupport (5.2.3) lib/active_support/notifications.rb:168:in `instrument'
actionpack (5.2.3) lib/action_controller/metal/instrumentation.rb:32:in `process_action'
actionpack (5.2.3) lib/action_controller/metal/params_wrapper.rb:256:in `process_action'
activerecord (5.2.3) lib/active_record/railties/controller_runtime.rb:24:in `process_action'
actionpack (5.2.3) lib/abstract_controller/base.rb:134:in `process'
actionview (5.2.3) lib/action_view/rendering.rb:32:in `process'
actionpack (5.2.3) lib/action_controller/metal.rb:191:in `dispatch'
actionpack (5.2.3) lib/action_controller/metal.rb:252:in `dispatch'
actionpack (5.2.3) lib/action_dispatch/routing/route_set.rb:52:in `dispatch'
actionpack (5.2.3) lib/action_dispatch/routing/route_set.rb:34:in `serve'
actionpack (5.2.3) lib/action_dispatch/journey/router.rb:52:in `block in serve'
actionpack (5.2.3) lib/action_dispatch/journey/router.rb:35:in `each'
actionpack (5.2.3) lib/action_dispatch/journey/router.rb:35:in `serve'
actionpack (5.2.3) lib/action_dispatch/routing/route_set.rb:840:in `call'
rack (2.0.7) lib/rack/tempfile_reaper.rb:15:in `call'
rack (2.0.7) lib/rack/etag.rb:25:in `call'
rack (2.0.7) lib/rack/conditional_get.rb:25:in `call'
rack (2.0.7) lib/rack/head.rb:12:in `call'
actionpack (5.2.3) lib/action_dispatch/http/content_security_policy.rb:18:in `call'
rack (2.0.7) lib/rack/session/abstract/id.rb:232:in `context'
rack (2.0.7) lib/rack/session/abstract/id.rb:226:in `call'
actionpack (5.2.3) lib/action_dispatch/middleware/cookies.rb:670:in `call'
activerecord (5.2.3) lib/active_record/migration.rb:559:in `call'
actionpack (5.2.3) lib/action_dispatch/middleware/callbacks.rb:28:in `block in call'
activesupport (5.2.3) lib/active_support/callbacks.rb:98:in `run_callbacks'
actionpack (5.2.3) lib/action_dispatch/middleware/callbacks.rb:26:in `call'
actionpack (5.2.3) lib/action_dispatch/middleware/executor.rb:14:in `call'
actionpack (5.2.3) lib/action_dispatch/middleware/debug_exceptions.rb:61:in `call'
web-console (3.7.0) lib/web_console/middleware.rb:135:in `call_app'
web-console (3.7.0) lib/web_console/middleware.rb:30:in `block in call'
web-console (3.7.0) lib/web_console/middleware.rb:20:in `catch'
web-console (3.7.0) lib/web_console/middleware.rb:20:in `call'
actionpack (5.2.3) lib/action_dispatch/middleware/show_exceptions.rb:33:in `call'
railties (5.2.3) lib/rails/rack/logger.rb:38:in `call_app'
railties (5.2.3) lib/rails/rack/logger.rb:26:in `block in call'
activesupport (5.2.3) lib/active_support/tagged_logging.rb:71:in `block in tagged'
activesupport (5.2.3) lib/active_support/tagged_logging.rb:28:in `tagged'
activesupport (5.2.3) lib/active_support/tagged_logging.rb:71:in `tagged'
railties (5.2.3) lib/rails/rack/logger.rb:26:in `call'
sprockets-rails (3.2.1) lib/sprockets/rails/quiet_assets.rb:13:in `call'
actionpack (5.2.3) lib/action_dispatch/middleware/remote_ip.rb:81:in `call'
actionpack (5.2.3) lib/action_dispatch/middleware/request_id.rb:27:in `call'
rack (2.0.7) lib/rack/method_override.rb:22:in `call'
rack (2.0.7) lib/rack/runtime.rb:22:in `call'
activesupport (5.2.3) lib/active_support/cache/strategy/local_cache_middleware.rb:29:in `call'
actionpack (5.2.3) lib/action_dispatch/middleware/executor.rb:14:in `call'
actionpack (5.2.3) lib/action_dispatch/middleware/static.rb:127:in `call'
rack (2.0.7) lib/rack/sendfile.rb:111:in `call'
railties (5.2.3) lib/rails/engine.rb:524:in `call'
puma (3.12.1) lib/puma/configuration.rb:227:in `call'
puma (3.12.1) lib/puma/server.rb:660:in `handle_request'
puma (3.12.1) lib/puma/server.rb:474:in `process_client'
puma (3.12.1) lib/puma/server.rb:334:in `block in run'
puma (3.12.1) lib/puma/thread_pool.rb:135:in `block in spawn_thread'
Started GET "/random" for ::1 at 2019-04-29 10:55:00 -0400
Processing by RandomController#index as HTML
  [1m[36mPlanet Load (0.4ms)[0m  [1m[34mSELECT  "planets".* FROM "planets" WHERE "planets"."id" = $1 LIMIT $2[0m  [["id", 12], ["LIMIT", 1]]
  ↳ app/controllers/random_controller.rb:3
  Rendering random/index.html.erb within layouts/application
  Rendered random/index.html.erb within layouts/application (0.4ms)
Completed 200 OK in 29ms (Views: 15.7ms | ActiveRecord: 3.7ms)


Started GET "/random" for ::1 at 2019-04-29 10:55:04 -0400
Processing by RandomController#index as HTML
  [1m[36mPlanet Load (0.9ms)[0m  [1m[34mSELECT  "planets".* FROM "planets" WHERE "planets"."id" = $1 LIMIT $2[0m  [["id", 21], ["LIMIT", 1]]
  ↳ app/controllers/random_controller.rb:3
  Rendering random/index.html.erb within layouts/application
  Rendered random/index.html.erb within layouts/application (0.3ms)
Completed 200 OK in 18ms (Views: 14.4ms | ActiveRecord: 0.9ms)


Started GET "/random" for ::1 at 2019-04-29 10:55:05 -0400
Processing by RandomController#index as HTML
  [1m[36mPlanet Load (0.3ms)[0m  [1m[34mSELECT  "planets".* FROM "planets" WHERE "planets"."id" = $1 LIMIT $2[0m  [["id", 11], ["LIMIT", 1]]
  ↳ app/controllers/random_controller.rb:3
  Rendering random/index.html.erb within layouts/application
  Rendered random/index.html.erb within layouts/application (0.4ms)
Completed 200 OK in 17ms (Views: 14.9ms | ActiveRecord: 0.3ms)


Started GET "/random" for ::1 at 2019-04-29 10:55:06 -0400
Processing by RandomController#index as HTML
  [1m[36mPlanet Load (0.3ms)[0m  [1m[34mSELECT  "planets".* FROM "planets" WHERE "planets"."id" = $1 LIMIT $2[0m  [["id", 3], ["LIMIT", 1]]
  ↳ app/controllers/random_controller.rb:3
  Rendering random/index.html.erb within layouts/application
  Rendered random/index.html.erb within layouts/application (0.4ms)
Completed 200 OK in 24ms (Views: 20.6ms | ActiveRecord: 0.3ms)


Started GET "/random" for ::1 at 2019-04-29 10:55:08 -0400
Processing by RandomController#index as HTML
  [1m[36mPlanet Load (0.2ms)[0m  [1m[34mSELECT  "planets".* FROM "planets" WHERE "planets"."id" = $1 LIMIT $2[0m  [["id", 8], ["LIMIT", 1]]
  ↳ app/controllers/random_controller.rb:3
  Rendering random/index.html.erb within layouts/application
  Rendered random/index.html.erb within layouts/application (0.6ms)
Completed 200 OK in 22ms (Views: 19.5ms | ActiveRecord: 0.2ms)


Started GET "/random" for ::1 at 2019-04-29 10:55:48 -0400
Processing by RandomController#index as HTML
  [1m[36mPlanet Load (0.4ms)[0m  [1m[34mSELECT  "planets".* FROM "planets" WHERE "planets"."id" = $1 LIMIT $2[0m  [["id", 12], ["LIMIT", 1]]
  ↳ app/controllers/random_controller.rb:3
  Rendering random/index.html.erb within layouts/application
  Rendered random/index.html.erb within layouts/application (0.5ms)
Completed 200 OK in 21ms (Views: 18.2ms | ActiveRecord: 0.4ms)


Started GET "/random" for ::1 at 2019-04-29 10:55:49 -0400
Processing by RandomController#index as HTML
  [1m[36mPlanet Load (1.0ms)[0m  [1m[34mSELECT  "planets".* FROM "planets" WHERE "planets"."id" = $1 LIMIT $2[0m  [["id", 15], ["LIMIT", 1]]
  ↳ app/controllers/random_controller.rb:3
  Rendering random/index.html.erb within layouts/application
  Rendered random/index.html.erb within layouts/application (0.4ms)
Completed 200 OK in 19ms (Views: 15.8ms | ActiveRecord: 1.0ms)


Started GET "/random" for ::1 at 2019-04-29 10:55:50 -0400
Processing by RandomController#index as HTML
  [1m[36mPlanet Load (0.3ms)[0m  [1m[34mSELECT  "planets".* FROM "planets" WHERE "planets"."id" = $1 LIMIT $2[0m  [["id", 12], ["LIMIT", 1]]
  ↳ app/controllers/random_controller.rb:3
  Rendering random/index.html.erb within layouts/application
  Rendered random/index.html.erb within layouts/application (0.6ms)
Completed 200 OK in 22ms (Views: 18.7ms | ActiveRecord: 0.3ms)


Started GET "/random" for ::1 at 2019-04-29 10:55:51 -0400
Processing by RandomController#index as HTML
  [1m[36mPlanet Load (0.6ms)[0m  [1m[34mSELECT  "planets".* FROM "planets" WHERE "planets"."id" = $1 LIMIT $2[0m  [["id", 1], ["LIMIT", 1]]
  ↳ app/controllers/random_controller.rb:3
  Rendering random/index.html.erb within layouts/application
  Rendered random/index.html.erb within layouts/application (0.4ms)
Completed 200 OK in 20ms (Views: 16.1ms | ActiveRecord: 0.6ms)


Started GET "/random" for ::1 at 2019-04-29 10:55:52 -0400
Processing by RandomController#index as HTML
  [1m[36mPlanet Load (0.4ms)[0m  [1m[34mSELECT  "planets".* FROM "planets" WHERE "planets"."id" = $1 LIMIT $2[0m  [["id", 6], ["LIMIT", 1]]
  ↳ app/controllers/random_controller.rb:3
  Rendering random/index.html.erb within layouts/application
  Rendered random/index.html.erb within layouts/application (0.5ms)
Completed 200 OK in 20ms (Views: 16.5ms | ActiveRecord: 0.4ms)


Started GET "/random" for ::1 at 2019-04-29 10:55:53 -0400
Processing by RandomController#index as HTML
  [1m[36mPlanet Load (0.3ms)[0m  [1m[34mSELECT  "planets".* FROM "planets" WHERE "planets"."id" = $1 LIMIT $2[0m  [["id", 12], ["LIMIT", 1]]
  ↳ app/controllers/random_controller.rb:3
  Rendering random/index.html.erb within layouts/application
  Rendered random/index.html.erb within layouts/application (0.9ms)
Completed 200 OK in 36ms (Views: 33.8ms | ActiveRecord: 0.3ms)


Started GET "/model" for ::1 at 2019-04-29 11:04:42 -0400
  
ActionController::RoutingError (No route matches [GET] "/model"):
  
actionpack (5.2.3) lib/action_dispatch/middleware/debug_exceptions.rb:65:in `call'
web-console (3.7.0) lib/web_console/middleware.rb:135:in `call_app'
web-console (3.7.0) lib/web_console/middleware.rb:30:in `block in call'
web-console (3.7.0) lib/web_console/middleware.rb:20:in `catch'
web-console (3.7.0) lib/web_console/middleware.rb:20:in `call'
actionpack (5.2.3) lib/action_dispatch/middleware/show_exceptions.rb:33:in `call'
railties (5.2.3) lib/rails/rack/logger.rb:38:in `call_app'
railties (5.2.3) lib/rails/rack/logger.rb:26:in `block in call'
activesupport (5.2.3) lib/active_support/tagged_logging.rb:71:in `block in tagged'
activesupport (5.2.3) lib/active_support/tagged_logging.rb:28:in `tagged'
activesupport (5.2.3) lib/active_support/tagged_logging.rb:71:in `tagged'
railties (5.2.3) lib/rails/rack/logger.rb:26:in `call'
sprockets-rails (3.2.1) lib/sprockets/rails/quiet_assets.rb:13:in `call'
actionpack (5.2.3) lib/action_dispatch/middleware/remote_ip.rb:81:in `call'
actionpack (5.2.3) lib/action_dispatch/middleware/request_id.rb:27:in `call'
rack (2.0.7) lib/rack/method_override.rb:22:in `call'
rack (2.0.7) lib/rack/runtime.rb:22:in `call'
activesupport (5.2.3) lib/active_support/cache/strategy/local_cache_middleware.rb:29:in `call'
actionpack (5.2.3) lib/action_dispatch/middleware/executor.rb:14:in `call'
actionpack (5.2.3) lib/action_dispatch/middleware/static.rb:127:in `call'
rack (2.0.7) lib/rack/sendfile.rb:111:in `call'
railties (5.2.3) lib/rails/engine.rb:524:in `call'
puma (3.12.1) lib/puma/configuration.rb:227:in `call'
puma (3.12.1) lib/puma/server.rb:660:in `handle_request'
puma (3.12.1) lib/puma/server.rb:474:in `process_client'
puma (3.12.1) lib/puma/server.rb:334:in `block in run'
puma (3.12.1) lib/puma/thread_pool.rb:135:in `block in spawn_thread'
Started GET "/moon/1" for ::1 at 2019-04-29 11:04:47 -0400
Processing by MoonController#show as HTML
  Parameters: {"id"=>"1"}
  [1m[36mMoon Load (0.5ms)[0m  [1m[34mSELECT  "moons".* FROM "moons" WHERE "moons"."id" = $1 LIMIT $2[0m  [["id", 1], ["LIMIT", 1]]
  ↳ app/controllers/moon_controller.rb:6
  Rendering moon/show.html.erb within layouts/application
  Rendered moon/show.html.erb within layouts/application (0.4ms)
Completed 200 OK in 57ms (Views: 38.3ms | ActiveRecord: 7.1ms)


Started GET "/moon/1" for ::1 at 2019-04-29 11:04:57 -0400
Processing by MoonController#show as HTML
  Parameters: {"id"=>"1"}
  [1m[36mMoon Load (1.1ms)[0m  [1m[34mSELECT  "moons".* FROM "moons" WHERE "moons"."id" = $1 LIMIT $2[0m  [["id", 1], ["LIMIT", 1]]
  ↳ app/controllers/moon_controller.rb:6
  Rendering moon/show.html.erb within layouts/application
  Rendered moon/show.html.erb within layouts/application (0.4ms)
Completed 200 OK in 42ms (Views: 38.1ms | ActiveRecord: 1.1ms)


Started GET "/moon/1" for ::1 at 2019-04-29 11:05:13 -0400
Processing by MoonController#show as HTML
  Parameters: {"id"=>"1"}
  [1m[36mMoon Load (1.0ms)[0m  [1m[34mSELECT  "moons".* FROM "moons" WHERE "moons"."id" = $1 LIMIT $2[0m  [["id", 1], ["LIMIT", 1]]
  ↳ app/controllers/moon_controller.rb:6
  Rendering moon/show.html.erb within layouts/application
  Rendered moon/show.html.erb within layouts/application (1.4ms)
Completed 200 OK in 38ms (Views: 34.5ms | ActiveRecord: 1.0ms)


Started GET "/moon/1" for ::1 at 2019-04-29 11:05:21 -0400
Processing by MoonController#show as HTML
  Parameters: {"id"=>"1"}
  [1m[36mMoon Load (0.2ms)[0m  [1m[34mSELECT  "moons".* FROM "moons" WHERE "moons"."id" = $1 LIMIT $2[0m  [["id", 1], ["LIMIT", 1]]
  ↳ app/controllers/moon_controller.rb:6
  Rendering moon/show.html.erb within layouts/application
  Rendered moon/show.html.erb within layouts/application (0.5ms)
Completed 200 OK in 57ms (Views: 55.2ms | ActiveRecord: 0.2ms)


Started GET "/moon/1" for ::1 at 2019-04-29 11:05:30 -0400
Processing by MoonController#show as HTML
  Parameters: {"id"=>"1"}
  [1m[36mMoon Load (1.2ms)[0m  [1m[34mSELECT  "moons".* FROM "moons" WHERE "moons"."id" = $1 LIMIT $2[0m  [["id", 1], ["LIMIT", 1]]
  ↳ app/controllers/moon_controller.rb:6
  Rendering moon/show.html.erb within layouts/application
  Rendered moon/show.html.erb within layouts/application (0.4ms)
Completed 200 OK in 21ms (Views: 17.3ms | ActiveRecord: 1.2ms)


Started GET "/moon/1" for ::1 at 2019-04-29 11:05:49 -0400
Processing by MoonController#show as HTML
  Parameters: {"id"=>"1"}
  [1m[36mMoon Load (0.8ms)[0m  [1m[34mSELECT  "moons".* FROM "moons" WHERE "moons"."id" = $1 LIMIT $2[0m  [["id", 1], ["LIMIT", 1]]
  ↳ app/controllers/moon_controller.rb:6
  Rendering moon/show.html.erb within layouts/application
  Rendered moon/show.html.erb within layouts/application (1.4ms)
Completed 200 OK in 40ms (Views: 36.8ms | ActiveRecord: 0.8ms)


Started GET "/moon/1" for ::1 at 2019-04-29 11:05:57 -0400
Processing by MoonController#show as HTML
  Parameters: {"id"=>"1"}
  [1m[36mMoon Load (1.3ms)[0m  [1m[34mSELECT  "moons".* FROM "moons" WHERE "moons"."id" = $1 LIMIT $2[0m  [["id", 1], ["LIMIT", 1]]
  ↳ app/controllers/moon_controller.rb:6
  Rendering moon/show.html.erb within layouts/application
  Rendered moon/show.html.erb within layouts/application (0.8ms)
Completed 200 OK in 38ms (Views: 33.8ms | ActiveRecord: 1.3ms)


Started GET "/moon/1" for ::1 at 2019-04-29 11:06:28 -0400
Processing by MoonController#show as HTML
  Parameters: {"id"=>"1"}
  [1m[36mMoon Load (0.2ms)[0m  [1m[34mSELECT  "moons".* FROM "moons" WHERE "moons"."id" = $1 LIMIT $2[0m  [["id", 1], ["LIMIT", 1]]
  ↳ app/controllers/moon_controller.rb:6
  Rendering moon/show.html.erb within layouts/application
  Rendered moon/show.html.erb within layouts/application (0.5ms)
Completed 200 OK in 38ms (Views: 34.9ms | ActiveRecord: 0.2ms)


Started GET "/moon/1" for ::1 at 2019-04-29 11:06:34 -0400
Processing by MoonController#show as HTML
  Parameters: {"id"=>"1"}
  [1m[36mMoon Load (0.3ms)[0m  [1m[34mSELECT  "moons".* FROM "moons" WHERE "moons"."id" = $1 LIMIT $2[0m  [["id", 1], ["LIMIT", 1]]
  ↳ app/controllers/moon_controller.rb:6
  Rendering moon/show.html.erb within layouts/application
  Rendered moon/show.html.erb within layouts/application (0.5ms)
Completed 200 OK in 36ms (Views: 33.5ms | ActiveRecord: 0.3ms)


Started GET "/moon/1" for ::1 at 2019-04-29 11:07:09 -0400
Processing by MoonController#show as HTML
  Parameters: {"id"=>"1"}
  [1m[36mMoon Load (0.3ms)[0m  [1m[34mSELECT  "moons".* FROM "moons" WHERE "moons"."id" = $1 LIMIT $2[0m  [["id", 1], ["LIMIT", 1]]
  ↳ app/controllers/moon_controller.rb:6
  Rendering moon/show.html.erb within layouts/application
  Rendered moon/show.html.erb within layouts/application (0.5ms)
Completed 200 OK in 37ms (Views: 33.6ms | ActiveRecord: 0.3ms)


Started GET "/moon/1" for ::1 at 2019-04-29 11:07:30 -0400
Processing by MoonController#show as HTML
  Parameters: {"id"=>"1"}
  [1m[36mMoon Load (0.3ms)[0m  [1m[34mSELECT  "moons".* FROM "moons" WHERE "moons"."id" = $1 LIMIT $2[0m  [["id", 1], ["LIMIT", 1]]
  ↳ app/controllers/moon_controller.rb:6
  Rendering moon/show.html.erb within layouts/application
  Rendered moon/show.html.erb within layouts/application (0.6ms)
Completed 200 OK in 24ms (Views: 20.4ms | ActiveRecord: 0.3ms)


Started GET "/moon/1" for ::1 at 2019-04-29 11:07:33 -0400
Processing by MoonController#show as HTML
  Parameters: {"id"=>"1"}
  [1m[36mMoon Load (0.2ms)[0m  [1m[34mSELECT  "moons".* FROM "moons" WHERE "moons"."id" = $1 LIMIT $2[0m  [["id", 1], ["LIMIT", 1]]
  ↳ app/controllers/moon_controller.rb:6
  Rendering moon/show.html.erb within layouts/application
  Rendered moon/show.html.erb within layouts/application (0.4ms)
Completed 200 OK in 19ms (Views: 16.4ms | ActiveRecord: 0.2ms)


Started GET "/moon/1" for ::1 at 2019-04-29 11:08:17 -0400
Processing by MoonController#show as HTML
  Parameters: {"id"=>"1"}
  [1m[36mMoon Load (0.3ms)[0m  [1m[34mSELECT  "moons".* FROM "moons" WHERE "moons"."id" = $1 LIMIT $2[0m  [["id", 1], ["LIMIT", 1]]
  ↳ app/controllers/moon_controller.rb:6
  Rendering moon/show.html.erb within layouts/application
  Rendered moon/show.html.erb within layouts/application (2.1ms)
Completed 200 OK in 41ms (Views: 38.2ms | ActiveRecord: 0.3ms)


Started GET "/moon/1" for ::1 at 2019-04-29 11:08:26 -0400
Processing by MoonController#show as HTML
  Parameters: {"id"=>"1"}
  [1m[36mMoon Load (0.3ms)[0m  [1m[34mSELECT  "moons".* FROM "moons" WHERE "moons"."id" = $1 LIMIT $2[0m  [["id", 1], ["LIMIT", 1]]
  ↳ app/controllers/moon_controller.rb:6
  Rendering moon/show.html.erb within layouts/application
  Rendered moon/show.html.erb within layouts/application (0.6ms)
Completed 200 OK in 45ms (Views: 41.9ms | ActiveRecord: 0.3ms)


Started GET "/moon/1" for ::1 at 2019-04-29 11:09:53 -0400
Processing by MoonController#show as HTML
  Parameters: {"id"=>"1"}
  [1m[36mMoon Load (0.5ms)[0m  [1m[34mSELECT  "moons".* FROM "moons" WHERE "moons"."id" = $1 LIMIT $2[0m  [["id", 1], ["LIMIT", 1]]
  ↳ app/controllers/moon_controller.rb:6
  Rendering moon/show.html.erb within layouts/application
  Rendered moon/show.html.erb within layouts/application (0.7ms)
Completed 200 OK in 40ms (Views: 37.5ms | ActiveRecord: 0.5ms)


Started GET "/moon/1" for ::1 at 2019-04-29 11:10:03 -0400
Processing by MoonController#show as HTML
  Parameters: {"id"=>"1"}
  [1m[36mMoon Load (0.3ms)[0m  [1m[34mSELECT  "moons".* FROM "moons" WHERE "moons"."id" = $1 LIMIT $2[0m  [["id", 1], ["LIMIT", 1]]
  ↳ app/controllers/moon_controller.rb:6
  Rendering moon/show.html.erb within layouts/application
  Rendered moon/show.html.erb within layouts/application (0.4ms)
Completed 200 OK in 51ms (Views: 48.2ms | ActiveRecord: 0.3ms)


Started GET "/moon/1" for ::1 at 2019-04-29 11:10:13 -0400
Processing by MoonController#show as HTML
  Parameters: {"id"=>"1"}
  [1m[36mMoon Load (1.1ms)[0m  [1m[34mSELECT  "moons".* FROM "moons" WHERE "moons"."id" = $1 LIMIT $2[0m  [["id", 1], ["LIMIT", 1]]
  ↳ app/controllers/moon_controller.rb:6
  Rendering moon/show.html.erb within layouts/application
  Rendered moon/show.html.erb within layouts/application (1.6ms)
Completed 200 OK in 41ms (Views: 36.9ms | ActiveRecord: 1.1ms)


Started GET "/moon/1" for ::1 at 2019-04-29 11:10:19 -0400
Processing by MoonController#show as HTML
  Parameters: {"id"=>"1"}
  [1m[36mMoon Load (0.3ms)[0m  [1m[34mSELECT  "moons".* FROM "moons" WHERE "moons"."id" = $1 LIMIT $2[0m  [["id", 1], ["LIMIT", 1]]
  ↳ app/controllers/moon_controller.rb:6
  Rendering moon/show.html.erb within layouts/application
  Rendered moon/show.html.erb within layouts/application (0.4ms)
Completed 200 OK in 37ms (Views: 32.9ms | ActiveRecord: 0.3ms)


Started GET "/moon" for ::1 at 2019-04-29 11:10:55 -0400
Processing by MoonController#index as HTML
  Rendering moon/index.html.erb within layouts/application
  [1m[36mMoon Load (0.4ms)[0m  [1m[34mSELECT "moons".* FROM "moons"[0m
  ↳ app/views/moon/index.html.erb:3
  Rendered moon/index.html.erb within layouts/application (1.7ms)
Completed 200 OK in 23ms (Views: 19.7ms | ActiveRecord: 0.4ms)


Started GET "/moon" for ::1 at 2019-04-29 11:11:08 -0400
Processing by MoonController#index as HTML
  Rendering moon/index.html.erb within layouts/application
  [1m[36mMoon Load (0.3ms)[0m  [1m[34mSELECT "moons".* FROM "moons"[0m
  ↳ app/views/moon/index.html.erb:3
  Rendered moon/index.html.erb within layouts/application (1.5ms)
Completed 200 OK in 41ms (Views: 39.7ms | ActiveRecord: 0.3ms)


Started GET "/moon" for ::1 at 2019-04-29 11:11:19 -0400
Processing by MoonController#index as HTML
  Rendering moon/index.html.erb within layouts/application
  [1m[36mMoon Load (0.3ms)[0m  [1m[34mSELECT "moons".* FROM "moons"[0m
  ↳ app/views/moon/index.html.erb:3
  Rendered moon/index.html.erb within layouts/application (1.6ms)
Completed 200 OK in 53ms (Views: 51.5ms | ActiveRecord: 0.3ms)


Started GET "/moon" for ::1 at 2019-04-29 11:11:46 -0400
Processing by MoonController#index as HTML
  Rendering moon/index.html.erb within layouts/application
  [1m[36mMoon Load (0.3ms)[0m  [1m[34mSELECT "moons".* FROM "moons"[0m
  ↳ app/views/moon/index.html.erb:3
  Rendered moon/index.html.erb within layouts/application (1.8ms)
Completed 200 OK in 39ms (Views: 37.1ms | ActiveRecord: 0.3ms)


Started GET "/moon" for ::1 at 2019-04-29 11:12:03 -0400
Processing by MoonController#index as HTML
  Rendering moon/index.html.erb within layouts/application
  [1m[36mMoon Load (0.6ms)[0m  [1m[34mSELECT "moons".* FROM "moons"[0m
  ↳ app/views/moon/index.html.erb:3
  Rendered moon/index.html.erb within layouts/application (3.1ms)
Completed 200 OK in 50ms (Views: 47.6ms | ActiveRecord: 0.6ms)


Started GET "/moon" for ::1 at 2019-04-29 11:13:03 -0400
Processing by MoonController#index as HTML
  Rendering moon/index.html.erb within layouts/application
  [1m[36mMoon Load (0.8ms)[0m  [1m[34mSELECT "moons".* FROM "moons"[0m
  ↳ app/views/moon/index.html.erb:3
  Rendered moon/index.html.erb within layouts/application (3.5ms)
Completed 200 OK in 41ms (Views: 38.5ms | ActiveRecord: 0.8ms)


Started GET "/moon" for ::1 at 2019-04-29 11:13:20 -0400
Processing by MoonController#index as HTML
  Rendering moon/index.html.erb within layouts/application
  [1m[36mMoon Load (0.4ms)[0m  [1m[34mSELECT "moons".* FROM "moons"[0m
  ↳ app/views/moon/index.html.erb:3
  Rendered moon/index.html.erb within layouts/application (1.8ms)
Completed 200 OK in 43ms (Views: 40.6ms | ActiveRecord: 0.4ms)


Started GET "/moon" for ::1 at 2019-04-29 11:14:47 -0400
Processing by MoonController#index as HTML
  Rendering moon/index.html.erb within layouts/application
  [1m[36mMoon Load (0.4ms)[0m  [1m[34mSELECT "moons".* FROM "moons"[0m
  ↳ app/views/moon/index.html.erb:3
  Rendered moon/index.html.erb within layouts/application (2.5ms)
Completed 200 OK in 41ms (Views: 38.5ms | ActiveRecord: 0.4ms)


Started GET "/moon" for ::1 at 2019-04-29 11:14:54 -0400
Processing by MoonController#index as HTML
  Rendering moon/index.html.erb within layouts/application
  [1m[36mMoon Load (0.4ms)[0m  [1m[34mSELECT "moons".* FROM "moons"[0m
  ↳ app/views/moon/index.html.erb:3
  Rendered moon/index.html.erb within layouts/application (2.7ms)
Completed 200 OK in 24ms (Views: 22.4ms | ActiveRecord: 0.4ms)


Started GET "/planet" for ::1 at 2019-04-29 11:15:49 -0400
Processing by PlanetController#index as HTML
  Rendering planet/index.html.erb within layouts/application
  [1m[36mPlanet Load (1.7ms)[0m  [1m[34mSELECT "planets".* FROM "planets"[0m
  ↳ app/views/planet/index.html.erb:3
  Rendered planet/index.html.erb within layouts/application (3.9ms)
Completed 200 OK in 47ms (Views: 44.0ms | ActiveRecord: 1.7ms)


Started GET "/planet" for ::1 at 2019-04-29 11:16:08 -0400
Processing by PlanetController#index as HTML
  Rendering planet/index.html.erb within layouts/application
  [1m[36mPlanet Load (0.4ms)[0m  [1m[34mSELECT "planets".* FROM "planets"[0m
  ↳ app/views/planet/index.html.erb:3
  Rendered planet/index.html.erb within layouts/application (2.7ms)
Completed 200 OK in 55ms (Views: 52.5ms | ActiveRecord: 0.4ms)


Started GET "/planet" for ::1 at 2019-04-29 11:16:30 -0400
Processing by PlanetController#index as HTML
  Rendering planet/index.html.erb within layouts/application
  [1m[36mPlanet Load (0.4ms)[0m  [1m[34mSELECT "planets".* FROM "planets"[0m
  ↳ app/views/planet/index.html.erb:3
  Rendered planet/index.html.erb within layouts/application (3.5ms)
Completed 200 OK in 61ms (Views: 58.0ms | ActiveRecord: 0.4ms)


Started GET "/planet" for ::1 at 2019-04-29 11:17:27 -0400
Processing by PlanetController#index as HTML
  Rendering planet/index.html.erb within layouts/application
  [1m[36mPlanet Load (0.3ms)[0m  [1m[34mSELECT "planets".* FROM "planets"[0m
  ↳ app/views/planet/index.html.erb:3
  Rendered planet/index.html.erb within layouts/application (3.9ms)
Completed 200 OK in 48ms (Views: 46.1ms | ActiveRecord: 0.3ms)


Started GET "/planet" for ::1 at 2019-04-29 11:17:34 -0400
Processing by PlanetController#index as HTML
  Rendering planet/index.html.erb within layouts/application
  [1m[36mPlanet Load (0.3ms)[0m  [1m[34mSELECT "planets".* FROM "planets"[0m
  ↳ app/views/planet/index.html.erb:3
  Rendered planet/index.html.erb within layouts/application (1.8ms)
Completed 200 OK in 40ms (Views: 37.9ms | ActiveRecord: 0.3ms)


Started GET "/planet" for ::1 at 2019-04-29 11:17:47 -0400
Processing by PlanetController#index as HTML
  Rendering planet/index.html.erb within layouts/application
  [1m[36mPlanet Load (0.8ms)[0m  [1m[34mSELECT "planets".* FROM "planets"[0m
  ↳ app/views/planet/index.html.erb:3
  Rendered planet/index.html.erb within layouts/application (3.5ms)
Completed 200 OK in 47ms (Views: 44.5ms | ActiveRecord: 0.8ms)


Started GET "/planet/1" for ::1 at 2019-04-29 11:18:29 -0400
Processing by PlanetController#show as HTML
  Parameters: {"id"=>"1"}
  [1m[36mPlanet Load (0.4ms)[0m  [1m[34mSELECT  "planets".* FROM "planets" WHERE "planets"."id" = $1 LIMIT $2[0m  [["id", 1], ["LIMIT", 1]]
  ↳ app/controllers/planet_controller.rb:6
  Rendering planet/show.html.erb within layouts/application
  Rendered planet/show.html.erb within layouts/application (0.8ms)
Completed 200 OK in 22ms (Views: 18.6ms | ActiveRecord: 0.4ms)


Started GET "/planet/1" for ::1 at 2019-04-29 11:19:14 -0400
Processing by PlanetController#show as HTML
  Parameters: {"id"=>"1"}
  [1m[36mPlanet Load (0.3ms)[0m  [1m[34mSELECT  "planets".* FROM "planets" WHERE "planets"."id" = $1 LIMIT $2[0m  [["id", 1], ["LIMIT", 1]]
  ↳ app/controllers/planet_controller.rb:6
  Rendering planet/show.html.erb within layouts/application
  Rendered planet/show.html.erb within layouts/application (0.4ms)
Completed 200 OK in 56ms (Views: 51.6ms | ActiveRecord: 0.3ms)


Started GET "/planet/1" for ::1 at 2019-04-29 11:20:11 -0400
Processing by PlanetController#show as HTML
  Parameters: {"id"=>"1"}
  [1m[36mPlanet Load (2.2ms)[0m  [1m[34mSELECT  "planets".* FROM "planets" WHERE "planets"."id" = $1 LIMIT $2[0m  [["id", 1], ["LIMIT", 1]]
  ↳ app/controllers/planet_controller.rb:6
  Rendering planet/show.html.erb within layouts/application
  Rendered planet/show.html.erb within layouts/application (1.2ms)
Completed 200 OK in 45ms (Views: 39.9ms | ActiveRecord: 2.2ms)


Started GET "/planet/1" for ::1 at 2019-04-29 11:20:18 -0400
Processing by PlanetController#show as HTML
  Parameters: {"id"=>"1"}
  [1m[36mPlanet Load (0.9ms)[0m  [1m[34mSELECT  "planets".* FROM "planets" WHERE "planets"."id" = $1 LIMIT $2[0m  [["id", 1], ["LIMIT", 1]]
  ↳ app/controllers/planet_controller.rb:6
  Rendering planet/show.html.erb within layouts/application
  Rendered planet/show.html.erb within layouts/application (0.4ms)
Completed 200 OK in 40ms (Views: 35.7ms | ActiveRecord: 0.9ms)


Started GET "/planet" for ::1 at 2019-04-29 11:20:55 -0400
Processing by PlanetController#index as HTML
  Rendering planet/index.html.erb within layouts/application
  [1m[36mPlanet Load (1.3ms)[0m  [1m[34mSELECT "planets".* FROM "planets"[0m
  ↳ app/views/planet/index.html.erb:3
  Rendered planet/index.html.erb within layouts/application (3.6ms)
Completed 200 OK in 59ms (Views: 56.0ms | ActiveRecord: 1.3ms)


Started GET "/random" for ::1 at 2019-04-29 11:20:57 -0400
Processing by RandomController#index as HTML
  [1m[36mPlanet Load (0.4ms)[0m  [1m[34mSELECT  "planets".* FROM "planets" WHERE "planets"."id" = $1 LIMIT $2[0m  [["id", 17], ["LIMIT", 1]]
  ↳ app/controllers/random_controller.rb:3
  Rendering random/index.html.erb within layouts/application
  Rendered random/index.html.erb within layouts/application (0.6ms)
Completed 200 OK in 33ms (Views: 30.1ms | ActiveRecord: 0.4ms)


Started GET "/random" for ::1 at 2019-04-29 11:21:26 -0400
Processing by RandomController#index as HTML
  [1m[36mPlanet Load (0.4ms)[0m  [1m[34mSELECT  "planets".* FROM "planets" WHERE "planets"."id" = $1 LIMIT $2[0m  [["id", 15], ["LIMIT", 1]]
  ↳ app/controllers/random_controller.rb:3
  Rendering random/index.html.erb within layouts/application
  Rendered random/index.html.erb within layouts/application (0.4ms)
Completed 200 OK in 57ms (Views: 53.2ms | ActiveRecord: 0.4ms)


Started GET "/random" for ::1 at 2019-04-29 11:22:16 -0400
Processing by RandomController#index as HTML
  [1m[36mPlanet Load (0.7ms)[0m  [1m[34mSELECT  "planets".* FROM "planets" WHERE "planets"."id" = $1 LIMIT $2[0m  [["id", 5], ["LIMIT", 1]]
  ↳ app/controllers/random_controller.rb:3
  Rendering random/index.html.erb within layouts/application
  Rendered random/index.html.erb within layouts/application (0.7ms)
Completed 200 OK in 39ms (Views: 35.0ms | ActiveRecord: 0.7ms)


